==============================================================================
2024-05-24 17:14:56.114039 - INFO - + START SUITE: Main
==============================================================================
2024-05-24 17:14:59.357448 - INFO - +- START TEST: 1 - Executes Main flow
------------------------------------------------------------------------------
2024-05-24 17:14:59.358562 - INFO - +-- START KEYWORD: Main.When user runs main flow [ ]
2024-05-24 17:14:59.360867 - DEBUG - Starting new HTTPS connection (1): www.lelongtips.com.my:443
2024-05-24 17:15:00.544018 - DEBUG - https://www.lelongtips.com.my:443 "GET /search?keyword=&property_type%5B%5D=1&property_type%5B%5D=4&property_type%5B%5D=5&property_type%5B%5D=3&state=kl_sel&min_price=150000&max_price=1000000&min_size=&max_size=&sort=price-asc&page=1 HTTP/1.1" 200 None
2024-05-24 17:15:00.549110 - DEBUG - Starting new HTTPS connection (1): www.lelongtips.com.my:443
2024-05-24 17:15:02.511137 - DEBUG - https://www.lelongtips.com.my:443 "GET /search?keyword=&property_type%5B%5D=1&property_type%5B%5D=4&property_type%5B%5D=5&property_type%5B%5D=3&state=kl_sel&min_price=150000&max_price=1000000&min_size=&max_size=&sort=price-asc&page=1 HTTP/1.1" 200 None
2024-05-24 17:15:05.609565 - DEBUG - Starting new HTTPS connection (1): www.lelongtips.com.my:443
2024-05-24 17:15:06.788929 - DEBUG - https://www.lelongtips.com.my:443 "GET /search?keyword=&property_type%5B%5D=1&property_type%5B%5D=4&property_type%5B%5D=5&property_type%5B%5D=3&state=kl_sel&min_price=150000&max_price=1000000&min_size=&max_size=&sort=price-asc&page=2 HTTP/1.1" 200 None
2024-05-24 17:15:10.858373 - DEBUG - Starting new HTTPS connection (1): www.lelongtips.com.my:443
2024-05-24 17:15:12.010383 - DEBUG - https://www.lelongtips.com.my:443 "GET /search?keyword=&property_type%5B%5D=1&property_type%5B%5D=4&property_type%5B%5D=5&property_type%5B%5D=3&state=kl_sel&min_price=150000&max_price=1000000&min_size=&max_size=&sort=price-asc&page=3 HTTP/1.1" 200 None
2024-05-24 17:15:16.082053 - DEBUG - Starting new HTTPS connection (1): www.lelongtips.com.my:443
2024-05-24 17:15:17.525437 - DEBUG - https://www.lelongtips.com.my:443 "GET /search?keyword=&property_type%5B%5D=1&property_type%5B%5D=4&property_type%5B%5D=5&property_type%5B%5D=3&state=kl_sel&min_price=150000&max_price=1000000&min_size=&max_size=&sort=price-asc&page=4 HTTP/1.1" 200 None
2024-05-24 17:15:21.616025 - DEBUG - Starting new HTTPS connection (1): www.lelongtips.com.my:443
2024-05-24 17:15:22.874922 - DEBUG - https://www.lelongtips.com.my:443 "GET /search?keyword=&property_type%5B%5D=1&property_type%5B%5D=4&property_type%5B%5D=5&property_type%5B%5D=3&state=kl_sel&min_price=150000&max_price=1000000&min_size=&max_size=&sort=price-asc&page=5 HTTP/1.1" 200 None
2024-05-24 17:15:24.944203 - DEBUG - Starting new HTTPS connection (1): www.lelongtips.com.my:443
2024-05-24 17:15:26.046510 - DEBUG - https://www.lelongtips.com.my:443 "GET /search?keyword=&property_type%5B%5D=1&property_type%5B%5D=4&property_type%5B%5D=5&property_type%5B%5D=3&state=kl_sel&min_price=150000&max_price=1000000&min_size=&max_size=&sort=price-asc&page=6 HTTP/1.1" 200 None
2024-05-24 17:15:30.115471 - DEBUG - Starting new HTTPS connection (1): www.lelongtips.com.my:443
2024-05-24 17:15:31.656303 - DEBUG - https://www.lelongtips.com.my:443 "GET /search?keyword=&property_type%5B%5D=1&property_type%5B%5D=4&property_type%5B%5D=5&property_type%5B%5D=3&state=kl_sel&min_price=150000&max_price=1000000&min_size=&max_size=&sort=price-asc&page=7 HTTP/1.1" 200 None
2024-05-24 17:15:33.770486 - DEBUG - Starting new HTTPS connection (1): www.lelongtips.com.my:443
2024-05-24 17:15:35.647277 - DEBUG - https://www.lelongtips.com.my:443 "GET /search?keyword=&property_type%5B%5D=1&property_type%5B%5D=4&property_type%5B%5D=5&property_type%5B%5D=3&state=kl_sel&min_price=150000&max_price=1000000&min_size=&max_size=&sort=price-asc&page=8 HTTP/1.1" 200 None
2024-05-24 17:15:39.712798 - DEBUG - Starting new HTTPS connection (1): www.lelongtips.com.my:443
2024-05-24 17:15:41.180145 - DEBUG - https://www.lelongtips.com.my:443 "GET /search?keyword=&property_type%5B%5D=1&property_type%5B%5D=4&property_type%5B%5D=5&property_type%5B%5D=3&state=kl_sel&min_price=150000&max_price=1000000&min_size=&max_size=&sort=price-asc&page=9 HTTP/1.1" 200 None
2024-05-24 17:15:44.248004 - DEBUG - Starting new HTTPS connection (1): www.lelongtips.com.my:443
2024-05-24 17:15:45.373239 - DEBUG - https://www.lelongtips.com.my:443 "GET /search?keyword=&property_type%5B%5D=1&property_type%5B%5D=4&property_type%5B%5D=5&property_type%5B%5D=3&state=kl_sel&min_price=150000&max_price=1000000&min_size=&max_size=&sort=price-asc&page=10 HTTP/1.1" 200 None
2024-05-24 17:15:48.441893 - DEBUG - Starting new HTTPS connection (1): www.lelongtips.com.my:443
2024-05-24 17:15:49.569709 - DEBUG - https://www.lelongtips.com.my:443 "GET /search?keyword=&property_type%5B%5D=1&property_type%5B%5D=4&property_type%5B%5D=5&property_type%5B%5D=3&state=kl_sel&min_price=150000&max_price=1000000&min_size=&max_size=&sort=price-asc&page=11 HTTP/1.1" 200 None
2024-05-24 17:15:52.632915 - DEBUG - Starting new HTTPS connection (1): www.lelongtips.com.my:443
2024-05-24 17:15:53.981926 - DEBUG - https://www.lelongtips.com.my:443 "GET /search?keyword=&property_type%5B%5D=1&property_type%5B%5D=4&property_type%5B%5D=5&property_type%5B%5D=3&state=kl_sel&min_price=150000&max_price=1000000&min_size=&max_size=&sort=price-asc&page=12 HTTP/1.1" 200 None
2024-05-24 17:15:57.047749 - DEBUG - Starting new HTTPS connection (1): www.lelongtips.com.my:443
2024-05-24 17:15:58.150760 - DEBUG - https://www.lelongtips.com.my:443 "GET /search?keyword=&property_type%5B%5D=1&property_type%5B%5D=4&property_type%5B%5D=5&property_type%5B%5D=3&state=kl_sel&min_price=150000&max_price=1000000&min_size=&max_size=&sort=price-asc&page=13 HTTP/1.1" 200 None
2024-05-24 17:16:02.278138 - DEBUG - Starting new HTTPS connection (1): www.lelongtips.com.my:443
2024-05-24 17:16:03.812058 - DEBUG - https://www.lelongtips.com.my:443 "GET /search?keyword=&property_type%5B%5D=1&property_type%5B%5D=4&property_type%5B%5D=5&property_type%5B%5D=3&state=kl_sel&min_price=150000&max_price=1000000&min_size=&max_size=&sort=price-asc&page=14 HTTP/1.1" 200 None
2024-05-24 17:16:05.891778 - DEBUG - Starting new HTTPS connection (1): www.lelongtips.com.my:443
2024-05-24 17:16:06.996093 - DEBUG - https://www.lelongtips.com.my:443 "GET /search?keyword=&property_type%5B%5D=1&property_type%5B%5D=4&property_type%5B%5D=5&property_type%5B%5D=3&state=kl_sel&min_price=150000&max_price=1000000&min_size=&max_size=&sort=price-asc&page=15 HTTP/1.1" 200 None
2024-05-24 17:16:10.065583 - DEBUG - Starting new HTTPS connection (1): www.lelongtips.com.my:443
2024-05-24 17:16:12.179745 - DEBUG - https://www.lelongtips.com.my:443 "GET /search?keyword=&property_type%5B%5D=1&property_type%5B%5D=4&property_type%5B%5D=5&property_type%5B%5D=3&state=kl_sel&min_price=150000&max_price=1000000&min_size=&max_size=&sort=price-asc&page=16 HTTP/1.1" 200 None
2024-05-24 17:16:16.246889 - DEBUG - Starting new HTTPS connection (1): www.lelongtips.com.my:443
2024-05-24 17:16:17.329358 - DEBUG - https://www.lelongtips.com.my:443 "GET /search?keyword=&property_type%5B%5D=1&property_type%5B%5D=4&property_type%5B%5D=5&property_type%5B%5D=3&state=kl_sel&min_price=150000&max_price=1000000&min_size=&max_size=&sort=price-asc&page=17 HTTP/1.1" 200 None
2024-05-24 17:16:21.395047 - DEBUG - Starting new HTTPS connection (1): www.lelongtips.com.my:443
2024-05-24 17:16:23.684031 - DEBUG - https://www.lelongtips.com.my:443 "GET /search?keyword=&property_type%5B%5D=1&property_type%5B%5D=4&property_type%5B%5D=5&property_type%5B%5D=3&state=kl_sel&min_price=150000&max_price=1000000&min_size=&max_size=&sort=price-asc&page=18 HTTP/1.1" 200 None
2024-05-24 17:16:27.749682 - DEBUG - Starting new HTTPS connection (1): www.lelongtips.com.my:443
2024-05-24 17:16:29.011268 - DEBUG - https://www.lelongtips.com.my:443 "GET /search?keyword=&property_type%5B%5D=1&property_type%5B%5D=4&property_type%5B%5D=5&property_type%5B%5D=3&state=kl_sel&min_price=150000&max_price=1000000&min_size=&max_size=&sort=price-asc&page=19 HTTP/1.1" 200 None
2024-05-24 17:16:32.122099 - DEBUG - Starting new HTTPS connection (1): www.lelongtips.com.my:443
2024-05-24 17:16:33.302028 - DEBUG - https://www.lelongtips.com.my:443 "GET /search?keyword=&property_type%5B%5D=1&property_type%5B%5D=4&property_type%5B%5D=5&property_type%5B%5D=3&state=kl_sel&min_price=150000&max_price=1000000&min_size=&max_size=&sort=price-asc&page=20 HTTP/1.1" 200 None
2024-05-24 17:16:35.369749 - DEBUG - Starting new HTTPS connection (1): www.lelongtips.com.my:443
2024-05-24 17:16:36.161865 - DEBUG - https://www.lelongtips.com.my:443 "GET /search?keyword=&property_type%5B%5D=1&property_type%5B%5D=4&property_type%5B%5D=5&property_type%5B%5D=3&state=kl_sel&min_price=150000&max_price=1000000&min_size=&max_size=&sort=price-asc&page=21 HTTP/1.1" 200 None
2024-05-24 17:16:38.233154 - DEBUG - Starting new HTTPS connection (1): www.lelongtips.com.my:443
2024-05-24 17:16:39.849317 - DEBUG - https://www.lelongtips.com.my:443 "GET /search?keyword=&property_type%5B%5D=1&property_type%5B%5D=4&property_type%5B%5D=5&property_type%5B%5D=3&state=kl_sel&min_price=150000&max_price=1000000&min_size=&max_size=&sort=price-asc&page=22 HTTP/1.1" 200 None
2024-05-24 17:16:43.912141 - DEBUG - Starting new HTTPS connection (1): www.lelongtips.com.my:443
2024-05-24 17:16:45.090032 - DEBUG - https://www.lelongtips.com.my:443 "GET /search?keyword=&property_type%5B%5D=1&property_type%5B%5D=4&property_type%5B%5D=5&property_type%5B%5D=3&state=kl_sel&min_price=150000&max_price=1000000&min_size=&max_size=&sort=price-asc&page=23 HTTP/1.1" 200 None
2024-05-24 17:16:47.158858 - DEBUG - Starting new HTTPS connection (1): www.lelongtips.com.my:443
2024-05-24 17:16:48.253021 - DEBUG - https://www.lelongtips.com.my:443 "GET /search?keyword=&property_type%5B%5D=1&property_type%5B%5D=4&property_type%5B%5D=5&property_type%5B%5D=3&state=kl_sel&min_price=150000&max_price=1000000&min_size=&max_size=&sort=price-asc&page=24 HTTP/1.1" 200 None
2024-05-24 17:16:50.312821 - DEBUG - Starting new HTTPS connection (1): www.lelongtips.com.my:443
2024-05-24 17:16:53.373474 - DEBUG - https://www.lelongtips.com.my:443 "GET /search?keyword=&property_type%5B%5D=1&property_type%5B%5D=4&property_type%5B%5D=5&property_type%5B%5D=3&state=kl_sel&min_price=150000&max_price=1000000&min_size=&max_size=&sort=price-asc&page=25 HTTP/1.1" 200 None
2024-05-24 17:16:57.492186 - DEBUG - Starting new HTTPS connection (1): www.lelongtips.com.my:443
2024-05-24 17:16:58.695737 - DEBUG - https://www.lelongtips.com.my:443 "GET /search?keyword=&property_type%5B%5D=1&property_type%5B%5D=4&property_type%5B%5D=5&property_type%5B%5D=3&state=kl_sel&min_price=150000&max_price=1000000&min_size=&max_size=&sort=price-asc&page=26 HTTP/1.1" 200 None
2024-05-24 17:17:00.768920 - DEBUG - Starting new HTTPS connection (1): www.lelongtips.com.my:443
2024-05-24 17:17:02.284515 - DEBUG - https://www.lelongtips.com.my:443 "GET /search?keyword=&property_type%5B%5D=1&property_type%5B%5D=4&property_type%5B%5D=5&property_type%5B%5D=3&state=kl_sel&min_price=150000&max_price=1000000&min_size=&max_size=&sort=price-asc&page=27 HTTP/1.1" 200 None
2024-05-24 17:17:05.354863 - DEBUG - Starting new HTTPS connection (1): www.lelongtips.com.my:443
2024-05-24 17:17:07.808403 - DEBUG - https://www.lelongtips.com.my:443 "GET /search?keyword=&property_type%5B%5D=1&property_type%5B%5D=4&property_type%5B%5D=5&property_type%5B%5D=3&state=kl_sel&min_price=150000&max_price=1000000&min_size=&max_size=&sort=price-asc&page=28 HTTP/1.1" 200 None
2024-05-24 17:17:11.876676 - DEBUG - Starting new HTTPS connection (1): www.lelongtips.com.my:443
2024-05-24 17:17:12.881833 - DEBUG - https://www.lelongtips.com.my:443 "GET /search?keyword=&property_type%5B%5D=1&property_type%5B%5D=4&property_type%5B%5D=5&property_type%5B%5D=3&state=kl_sel&min_price=150000&max_price=1000000&min_size=&max_size=&sort=price-asc&page=29 HTTP/1.1" 200 None
2024-05-24 17:17:15.948803 - DEBUG - Starting new HTTPS connection (1): www.lelongtips.com.my:443
2024-05-24 17:17:17.127338 - DEBUG - https://www.lelongtips.com.my:443 "GET /search?keyword=&property_type%5B%5D=1&property_type%5B%5D=4&property_type%5B%5D=5&property_type%5B%5D=3&state=kl_sel&min_price=150000&max_price=1000000&min_size=&max_size=&sort=price-asc&page=30 HTTP/1.1" 200 None
2024-05-24 17:17:21.188050 - DEBUG - Starting new HTTPS connection (1): www.lelongtips.com.my:443
2024-05-24 17:17:22.351701 - DEBUG - https://www.lelongtips.com.my:443 "GET /search?keyword=&property_type%5B%5D=1&property_type%5B%5D=4&property_type%5B%5D=5&property_type%5B%5D=3&state=kl_sel&min_price=150000&max_price=1000000&min_size=&max_size=&sort=price-asc&page=31 HTTP/1.1" 200 None
2024-05-24 17:17:24.470996 - DEBUG - Starting new HTTPS connection (1): www.lelongtips.com.my:443
2024-05-24 17:17:25.770143 - DEBUG - https://www.lelongtips.com.my:443 "GET /search?keyword=&property_type%5B%5D=1&property_type%5B%5D=4&property_type%5B%5D=5&property_type%5B%5D=3&state=kl_sel&min_price=150000&max_price=1000000&min_size=&max_size=&sort=price-asc&page=32 HTTP/1.1" 200 None
2024-05-24 17:17:29.838047 - DEBUG - Starting new HTTPS connection (1): www.lelongtips.com.my:443
2024-05-24 17:17:30.925101 - DEBUG - https://www.lelongtips.com.my:443 "GET /search?keyword=&property_type%5B%5D=1&property_type%5B%5D=4&property_type%5B%5D=5&property_type%5B%5D=3&state=kl_sel&min_price=150000&max_price=1000000&min_size=&max_size=&sort=price-asc&page=33 HTTP/1.1" 200 None
2024-05-24 17:17:34.990452 - DEBUG - Starting new HTTPS connection (1): www.lelongtips.com.my:443
2024-05-24 17:17:38.527657 - DEBUG - https://www.lelongtips.com.my:443 "GET /search?keyword=&property_type%5B%5D=1&property_type%5B%5D=4&property_type%5B%5D=5&property_type%5B%5D=3&state=kl_sel&min_price=150000&max_price=1000000&min_size=&max_size=&sort=price-asc&page=34 HTTP/1.1" 200 None
2024-05-24 17:17:40.591450 - DEBUG - Starting new HTTPS connection (1): www.lelongtips.com.my:443
2024-05-24 17:17:41.663949 - DEBUG - https://www.lelongtips.com.my:443 "GET /search?keyword=&property_type%5B%5D=1&property_type%5B%5D=4&property_type%5B%5D=5&property_type%5B%5D=3&state=kl_sel&min_price=150000&max_price=1000000&min_size=&max_size=&sort=price-asc&page=35 HTTP/1.1" 200 None
2024-05-24 17:17:45.731837 - DEBUG - Starting new HTTPS connection (1): www.lelongtips.com.my:443
2024-05-24 17:17:46.834092 - DEBUG - https://www.lelongtips.com.my:443 "GET /search?keyword=&property_type%5B%5D=1&property_type%5B%5D=4&property_type%5B%5D=5&property_type%5B%5D=3&state=kl_sel&min_price=150000&max_price=1000000&min_size=&max_size=&sort=price-asc&page=36 HTTP/1.1" 200 None
2024-05-24 17:17:50.894126 - DEBUG - Starting new HTTPS connection (1): www.lelongtips.com.my:443
2024-05-24 17:17:52.248016 - DEBUG - https://www.lelongtips.com.my:443 "GET /search?keyword=&property_type%5B%5D=1&property_type%5B%5D=4&property_type%5B%5D=5&property_type%5B%5D=3&state=kl_sel&min_price=150000&max_price=1000000&min_size=&max_size=&sort=price-asc&page=37 HTTP/1.1" 200 None
2024-05-24 17:17:54.365934 - DEBUG - Starting new HTTPS connection (1): www.lelongtips.com.my:443
2024-05-24 17:17:55.248801 - DEBUG - https://www.lelongtips.com.my:443 "GET /search?keyword=&property_type%5B%5D=1&property_type%5B%5D=4&property_type%5B%5D=5&property_type%5B%5D=3&state=kl_sel&min_price=150000&max_price=1000000&min_size=&max_size=&sort=price-asc&page=38 HTTP/1.1" 200 None
2024-05-24 17:17:58.313088 - DEBUG - Starting new HTTPS connection (1): www.lelongtips.com.my:443
2024-05-24 17:17:59.424247 - DEBUG - https://www.lelongtips.com.my:443 "GET /search?keyword=&property_type%5B%5D=1&property_type%5B%5D=4&property_type%5B%5D=5&property_type%5B%5D=3&state=kl_sel&min_price=150000&max_price=1000000&min_size=&max_size=&sort=price-asc&page=39 HTTP/1.1" 200 None
2024-05-24 17:18:02.494086 - DEBUG - Starting new HTTPS connection (1): www.lelongtips.com.my:443
2024-05-24 17:18:03.623724 - DEBUG - https://www.lelongtips.com.my:443 "GET /search?keyword=&property_type%5B%5D=1&property_type%5B%5D=4&property_type%5B%5D=5&property_type%5B%5D=3&state=kl_sel&min_price=150000&max_price=1000000&min_size=&max_size=&sort=price-asc&page=40 HTTP/1.1" 200 None
2024-05-24 17:18:05.687816 - DEBUG - Starting new HTTPS connection (1): www.lelongtips.com.my:443
2024-05-24 17:18:06.893276 - DEBUG - https://www.lelongtips.com.my:443 "GET /search?keyword=&property_type%5B%5D=1&property_type%5B%5D=4&property_type%5B%5D=5&property_type%5B%5D=3&state=kl_sel&min_price=150000&max_price=1000000&min_size=&max_size=&sort=price-asc&page=41 HTTP/1.1" 200 None
2024-05-24 17:18:10.957907 - DEBUG - Starting new HTTPS connection (1): www.lelongtips.com.my:443
2024-05-24 17:18:12.236892 - DEBUG - https://www.lelongtips.com.my:443 "GET /search?keyword=&property_type%5B%5D=1&property_type%5B%5D=4&property_type%5B%5D=5&property_type%5B%5D=3&state=kl_sel&min_price=150000&max_price=1000000&min_size=&max_size=&sort=price-asc&page=42 HTTP/1.1" 200 None
2024-05-24 17:18:16.302431 - DEBUG - Starting new HTTPS connection (1): www.lelongtips.com.my:443
2024-05-24 17:18:17.958539 - DEBUG - https://www.lelongtips.com.my:443 "GET /search?keyword=&property_type%5B%5D=1&property_type%5B%5D=4&property_type%5B%5D=5&property_type%5B%5D=3&state=kl_sel&min_price=150000&max_price=1000000&min_size=&max_size=&sort=price-asc&page=43 HTTP/1.1" 200 None
2024-05-24 17:18:21.071849 - DEBUG - Starting new HTTPS connection (1): www.lelongtips.com.my:443
2024-05-24 17:18:22.563298 - DEBUG - https://www.lelongtips.com.my:443 "GET /search?keyword=&property_type%5B%5D=1&property_type%5B%5D=4&property_type%5B%5D=5&property_type%5B%5D=3&state=kl_sel&min_price=150000&max_price=1000000&min_size=&max_size=&sort=price-asc&page=44 HTTP/1.1" 200 None
2024-05-24 17:18:24.728529 - DEBUG - Starting new HTTPS connection (1): www.lelongtips.com.my:443
2024-05-24 17:18:26.786893 - DEBUG - https://www.lelongtips.com.my:443 "GET /search?keyword=&property_type%5B%5D=1&property_type%5B%5D=4&property_type%5B%5D=5&property_type%5B%5D=3&state=kl_sel&min_price=150000&max_price=1000000&min_size=&max_size=&sort=price-asc&page=45 HTTP/1.1" 200 None
2024-05-24 17:18:30.847407 - DEBUG - Starting new HTTPS connection (1): www.lelongtips.com.my:443
2024-05-24 17:18:32.096295 - DEBUG - https://www.lelongtips.com.my:443 "GET /search?keyword=&property_type%5B%5D=1&property_type%5B%5D=4&property_type%5B%5D=5&property_type%5B%5D=3&state=kl_sel&min_price=150000&max_price=1000000&min_size=&max_size=&sort=price-asc&page=46 HTTP/1.1" 200 None
2024-05-24 17:18:36.162656 - DEBUG - Starting new HTTPS connection (1): www.lelongtips.com.my:443
2024-05-24 17:18:37.006358 - DEBUG - https://www.lelongtips.com.my:443 "GET /search?keyword=&property_type%5B%5D=1&property_type%5B%5D=4&property_type%5B%5D=5&property_type%5B%5D=3&state=kl_sel&min_price=150000&max_price=1000000&min_size=&max_size=&sort=price-asc&page=47 HTTP/1.1" 200 None
2024-05-24 17:18:41.073742 - DEBUG - Starting new HTTPS connection (1): www.lelongtips.com.my:443
2024-05-24 17:18:42.830103 - DEBUG - https://www.lelongtips.com.my:443 "GET /search?keyword=&property_type%5B%5D=1&property_type%5B%5D=4&property_type%5B%5D=5&property_type%5B%5D=3&state=kl_sel&min_price=150000&max_price=1000000&min_size=&max_size=&sort=price-asc&page=48 HTTP/1.1" 200 None
2024-05-24 17:18:45.899449 - DEBUG - Starting new HTTPS connection (1): www.lelongtips.com.my:443
2024-05-24 17:18:48.419378 - DEBUG - https://www.lelongtips.com.my:443 "GET /search?keyword=&property_type%5B%5D=1&property_type%5B%5D=4&property_type%5B%5D=5&property_type%5B%5D=3&state=kl_sel&min_price=150000&max_price=1000000&min_size=&max_size=&sort=price-asc&page=49 HTTP/1.1" 200 None
2024-05-24 17:18:51.481767 - DEBUG - Starting new HTTPS connection (1): www.lelongtips.com.my:443
2024-05-24 17:18:53.540187 - DEBUG - https://www.lelongtips.com.my:443 "GET /search?keyword=&property_type%5B%5D=1&property_type%5B%5D=4&property_type%5B%5D=5&property_type%5B%5D=3&state=kl_sel&min_price=150000&max_price=1000000&min_size=&max_size=&sort=price-asc&page=50 HTTP/1.1" 200 None
2024-05-24 17:18:55.662184 - DEBUG - Starting new HTTPS connection (1): www.lelongtips.com.my:443
2024-05-24 17:18:57.374550 - DEBUG - https://www.lelongtips.com.my:443 "GET /search?keyword=&property_type%5B%5D=1&property_type%5B%5D=4&property_type%5B%5D=5&property_type%5B%5D=3&state=kl_sel&min_price=150000&max_price=1000000&min_size=&max_size=&sort=price-asc&page=51 HTTP/1.1" 200 None
2024-05-24 17:19:01.439016 - DEBUG - Starting new HTTPS connection (1): www.lelongtips.com.my:443
2024-05-24 17:19:02.778961 - DEBUG - https://www.lelongtips.com.my:443 "GET /search?keyword=&property_type%5B%5D=1&property_type%5B%5D=4&property_type%5B%5D=5&property_type%5B%5D=3&state=kl_sel&min_price=150000&max_price=1000000&min_size=&max_size=&sort=price-asc&page=52 HTTP/1.1" 200 None
2024-05-24 17:19:05.847433 - DEBUG - Starting new HTTPS connection (1): www.lelongtips.com.my:443
2024-05-24 17:19:06.800531 - DEBUG - https://www.lelongtips.com.my:443 "GET /search?keyword=&property_type%5B%5D=1&property_type%5B%5D=4&property_type%5B%5D=5&property_type%5B%5D=3&state=kl_sel&min_price=150000&max_price=1000000&min_size=&max_size=&sort=price-asc&page=53 HTTP/1.1" 200 None
2024-05-24 17:19:08.863362 - DEBUG - Starting new HTTPS connection (1): www.lelongtips.com.my:443
2024-05-24 17:19:11.550348 - DEBUG - https://www.lelongtips.com.my:443 "GET /search?keyword=&property_type%5B%5D=1&property_type%5B%5D=4&property_type%5B%5D=5&property_type%5B%5D=3&state=kl_sel&min_price=150000&max_price=1000000&min_size=&max_size=&sort=price-asc&page=54 HTTP/1.1" 200 None
2024-05-24 17:19:14.615381 - DEBUG - Starting new HTTPS connection (1): www.lelongtips.com.my:443
2024-05-24 17:19:15.730013 - DEBUG - https://www.lelongtips.com.my:443 "GET /search?keyword=&property_type%5B%5D=1&property_type%5B%5D=4&property_type%5B%5D=5&property_type%5B%5D=3&state=kl_sel&min_price=150000&max_price=1000000&min_size=&max_size=&sort=price-asc&page=55 HTTP/1.1" 200 None
2024-05-24 17:19:17.793747 - DEBUG - Starting new HTTPS connection (1): www.lelongtips.com.my:443
2024-05-24 17:19:18.980483 - DEBUG - https://www.lelongtips.com.my:443 "GET /search?keyword=&property_type%5B%5D=1&property_type%5B%5D=4&property_type%5B%5D=5&property_type%5B%5D=3&state=kl_sel&min_price=150000&max_price=1000000&min_size=&max_size=&sort=price-asc&page=56 HTTP/1.1" 200 None
2024-05-24 17:19:21.098098 - DEBUG - Starting new HTTPS connection (1): www.lelongtips.com.my:443
2024-05-24 17:19:22.561890 - DEBUG - https://www.lelongtips.com.my:443 "GET /search?keyword=&property_type%5B%5D=1&property_type%5B%5D=4&property_type%5B%5D=5&property_type%5B%5D=3&state=kl_sel&min_price=150000&max_price=1000000&min_size=&max_size=&sort=price-asc&page=57 HTTP/1.1" 200 None
2024-05-24 17:19:26.647829 - DEBUG - Starting new HTTPS connection (1): www.lelongtips.com.my:443
2024-05-24 17:19:27.899562 - DEBUG - https://www.lelongtips.com.my:443 "GET /search?keyword=&property_type%5B%5D=1&property_type%5B%5D=4&property_type%5B%5D=5&property_type%5B%5D=3&state=kl_sel&min_price=150000&max_price=1000000&min_size=&max_size=&sort=price-asc&page=58 HTTP/1.1" 200 None
2024-05-24 17:19:29.962192 - DEBUG - Starting new HTTPS connection (1): www.lelongtips.com.my:443
2024-05-24 17:19:31.780402 - DEBUG - https://www.lelongtips.com.my:443 "GET /search?keyword=&property_type%5B%5D=1&property_type%5B%5D=4&property_type%5B%5D=5&property_type%5B%5D=3&state=kl_sel&min_price=150000&max_price=1000000&min_size=&max_size=&sort=price-asc&page=59 HTTP/1.1" 200 None
2024-05-24 17:19:34.846308 - DEBUG - Starting new HTTPS connection (1): www.lelongtips.com.my:443
2024-05-24 17:19:36.594088 - DEBUG - https://www.lelongtips.com.my:443 "GET /search?keyword=&property_type%5B%5D=1&property_type%5B%5D=4&property_type%5B%5D=5&property_type%5B%5D=3&state=kl_sel&min_price=150000&max_price=1000000&min_size=&max_size=&sort=price-asc&page=60 HTTP/1.1" 200 None
2024-05-24 17:19:40.658911 - DEBUG - Starting new HTTPS connection (1): www.lelongtips.com.my:443
2024-05-24 17:19:41.959637 - DEBUG - https://www.lelongtips.com.my:443 "GET /search?keyword=&property_type%5B%5D=1&property_type%5B%5D=4&property_type%5B%5D=5&property_type%5B%5D=3&state=kl_sel&min_price=150000&max_price=1000000&min_size=&max_size=&sort=price-asc&page=61 HTTP/1.1" 200 None
2024-05-24 17:19:44.021413 - DEBUG - Starting new HTTPS connection (1): www.lelongtips.com.my:443
2024-05-24 17:19:45.105685 - DEBUG - https://www.lelongtips.com.my:443 "GET /search?keyword=&property_type%5B%5D=1&property_type%5B%5D=4&property_type%5B%5D=5&property_type%5B%5D=3&state=kl_sel&min_price=150000&max_price=1000000&min_size=&max_size=&sort=price-asc&page=62 HTTP/1.1" 200 None
2024-05-24 17:19:48.239552 - DEBUG - Starting new HTTPS connection (1): www.lelongtips.com.my:443
2024-05-24 17:19:50.007880 - DEBUG - https://www.lelongtips.com.my:443 "GET /search?keyword=&property_type%5B%5D=1&property_type%5B%5D=4&property_type%5B%5D=5&property_type%5B%5D=3&state=kl_sel&min_price=150000&max_price=1000000&min_size=&max_size=&sort=price-asc&page=63 HTTP/1.1" 200 None
2024-05-24 17:19:52.084159 - DEBUG - Starting new HTTPS connection (1): www.lelongtips.com.my:443
2024-05-24 17:19:53.693334 - DEBUG - https://www.lelongtips.com.my:443 "GET /search?keyword=&property_type%5B%5D=1&property_type%5B%5D=4&property_type%5B%5D=5&property_type%5B%5D=3&state=kl_sel&min_price=150000&max_price=1000000&min_size=&max_size=&sort=price-asc&page=64 HTTP/1.1" 200 None
2024-05-24 17:19:56.755473 - DEBUG - Starting new HTTPS connection (1): www.lelongtips.com.my:443
2024-05-24 17:19:58.291139 - DEBUG - https://www.lelongtips.com.my:443 "GET /search?keyword=&property_type%5B%5D=1&property_type%5B%5D=4&property_type%5B%5D=5&property_type%5B%5D=3&state=kl_sel&min_price=150000&max_price=1000000&min_size=&max_size=&sort=price-asc&page=65 HTTP/1.1" 200 None
2024-05-24 17:20:02.362116 - DEBUG - Starting new HTTPS connection (1): www.lelongtips.com.my:443
2024-05-24 17:20:03.660413 - DEBUG - https://www.lelongtips.com.my:443 "GET /search?keyword=&property_type%5B%5D=1&property_type%5B%5D=4&property_type%5B%5D=5&property_type%5B%5D=3&state=kl_sel&min_price=150000&max_price=1000000&min_size=&max_size=&sort=price-asc&page=66 HTTP/1.1" 200 None
2024-05-24 17:20:05.724919 - DEBUG - Starting new HTTPS connection (1): www.lelongtips.com.my:443
2024-05-24 17:20:06.902525 - DEBUG - https://www.lelongtips.com.my:443 "GET /search?keyword=&property_type%5B%5D=1&property_type%5B%5D=4&property_type%5B%5D=5&property_type%5B%5D=3&state=kl_sel&min_price=150000&max_price=1000000&min_size=&max_size=&sort=price-asc&page=67 HTTP/1.1" 200 None
2024-05-24 17:20:09.970236 - DEBUG - Starting new HTTPS connection (1): www.lelongtips.com.my:443
2024-05-24 17:20:11.086635 - DEBUG - https://www.lelongtips.com.my:443 "GET /search?keyword=&property_type%5B%5D=1&property_type%5B%5D=4&property_type%5B%5D=5&property_type%5B%5D=3&state=kl_sel&min_price=150000&max_price=1000000&min_size=&max_size=&sort=price-asc&page=68 HTTP/1.1" 200 None
2024-05-24 17:20:13.212100 - DEBUG - Starting new HTTPS connection (1): www.lelongtips.com.my:443
2024-05-24 17:20:14.270088 - DEBUG - https://www.lelongtips.com.my:443 "GET /search?keyword=&property_type%5B%5D=1&property_type%5B%5D=4&property_type%5B%5D=5&property_type%5B%5D=3&state=kl_sel&min_price=150000&max_price=1000000&min_size=&max_size=&sort=price-asc&page=69 HTTP/1.1" 200 None
2024-05-24 17:20:16.339548 - DEBUG - Starting new HTTPS connection (1): www.lelongtips.com.my:443
2024-05-24 17:20:17.914516 - DEBUG - https://www.lelongtips.com.my:443 "GET /search?keyword=&property_type%5B%5D=1&property_type%5B%5D=4&property_type%5B%5D=5&property_type%5B%5D=3&state=kl_sel&min_price=150000&max_price=1000000&min_size=&max_size=&sort=price-asc&page=70 HTTP/1.1" 200 None
2024-05-24 17:20:21.975682 - DEBUG - Starting new HTTPS connection (1): www.lelongtips.com.my:443
2024-05-24 17:20:23.086437 - DEBUG - https://www.lelongtips.com.my:443 "GET /search?keyword=&property_type%5B%5D=1&property_type%5B%5D=4&property_type%5B%5D=5&property_type%5B%5D=3&state=kl_sel&min_price=150000&max_price=1000000&min_size=&max_size=&sort=price-asc&page=71 HTTP/1.1" 200 None
2024-05-24 17:20:26.148996 - DEBUG - Starting new HTTPS connection (1): www.lelongtips.com.my:443
2024-05-24 17:20:27.319997 - DEBUG - https://www.lelongtips.com.my:443 "GET /search?keyword=&property_type%5B%5D=1&property_type%5B%5D=4&property_type%5B%5D=5&property_type%5B%5D=3&state=kl_sel&min_price=150000&max_price=1000000&min_size=&max_size=&sort=price-asc&page=72 HTTP/1.1" 200 None
2024-05-24 17:20:30.386965 - DEBUG - Starting new HTTPS connection (1): www.lelongtips.com.my:443
2024-05-24 17:20:31.784040 - DEBUG - https://www.lelongtips.com.my:443 "GET /search?keyword=&property_type%5B%5D=1&property_type%5B%5D=4&property_type%5B%5D=5&property_type%5B%5D=3&state=kl_sel&min_price=150000&max_price=1000000&min_size=&max_size=&sort=price-asc&page=73 HTTP/1.1" 200 None
2024-05-24 17:20:35.845282 - DEBUG - Starting new HTTPS connection (1): www.lelongtips.com.my:443
2024-05-24 17:20:37.005938 - DEBUG - https://www.lelongtips.com.my:443 "GET /search?keyword=&property_type%5B%5D=1&property_type%5B%5D=4&property_type%5B%5D=5&property_type%5B%5D=3&state=kl_sel&min_price=150000&max_price=1000000&min_size=&max_size=&sort=price-asc&page=74 HTTP/1.1" 200 None
2024-05-24 17:20:40.127541 - DEBUG - Starting new HTTPS connection (1): www.lelongtips.com.my:443
2024-05-24 17:20:41.100806 - DEBUG - https://www.lelongtips.com.my:443 "GET /search?keyword=&property_type%5B%5D=1&property_type%5B%5D=4&property_type%5B%5D=5&property_type%5B%5D=3&state=kl_sel&min_price=150000&max_price=1000000&min_size=&max_size=&sort=price-asc&page=75 HTTP/1.1" 200 None
2024-05-24 17:20:45.167089 - DEBUG - Starting new HTTPS connection (1): www.lelongtips.com.my:443
2024-05-24 17:20:46.329744 - DEBUG - https://www.lelongtips.com.my:443 "GET /search?keyword=&property_type%5B%5D=1&property_type%5B%5D=4&property_type%5B%5D=5&property_type%5B%5D=3&state=kl_sel&min_price=150000&max_price=1000000&min_size=&max_size=&sort=price-asc&page=76 HTTP/1.1" 200 None
2024-05-24 17:20:49.388313 - DEBUG - Starting new HTTPS connection (1): www.lelongtips.com.my:443
2024-05-24 17:20:50.525250 - DEBUG - https://www.lelongtips.com.my:443 "GET /search?keyword=&property_type%5B%5D=1&property_type%5B%5D=4&property_type%5B%5D=5&property_type%5B%5D=3&state=kl_sel&min_price=150000&max_price=1000000&min_size=&max_size=&sort=price-asc&page=77 HTTP/1.1" 200 None
2024-05-24 17:20:52.596454 - DEBUG - Starting new HTTPS connection (1): www.lelongtips.com.my:443
2024-05-24 17:20:53.591825 - DEBUG - https://www.lelongtips.com.my:443 "GET /search?keyword=&property_type%5B%5D=1&property_type%5B%5D=4&property_type%5B%5D=5&property_type%5B%5D=3&state=kl_sel&min_price=150000&max_price=1000000&min_size=&max_size=&sort=price-asc&page=78 HTTP/1.1" 200 None
2024-05-24 17:20:56.653066 - DEBUG - Starting new HTTPS connection (1): www.lelongtips.com.my:443
2024-05-24 17:20:59.022113 - DEBUG - https://www.lelongtips.com.my:443 "GET /search?keyword=&property_type%5B%5D=1&property_type%5B%5D=4&property_type%5B%5D=5&property_type%5B%5D=3&state=kl_sel&min_price=150000&max_price=1000000&min_size=&max_size=&sort=price-asc&page=79 HTTP/1.1" 200 None
2024-05-24 17:21:02.092652 - DEBUG - Starting new HTTPS connection (1): www.lelongtips.com.my:443
2024-05-24 17:21:04.248507 - DEBUG - https://www.lelongtips.com.my:443 "GET /search?keyword=&property_type%5B%5D=1&property_type%5B%5D=4&property_type%5B%5D=5&property_type%5B%5D=3&state=kl_sel&min_price=150000&max_price=1000000&min_size=&max_size=&sort=price-asc&page=80 HTTP/1.1" 200 None
2024-05-24 17:21:06.370975 - DEBUG - Starting new HTTPS connection (1): www.lelongtips.com.my:443
2024-05-24 17:21:07.520105 - DEBUG - https://www.lelongtips.com.my:443 "GET /search?keyword=&property_type%5B%5D=1&property_type%5B%5D=4&property_type%5B%5D=5&property_type%5B%5D=3&state=kl_sel&min_price=150000&max_price=1000000&min_size=&max_size=&sort=price-asc&page=81 HTTP/1.1" 200 None
2024-05-24 17:21:11.584112 - DEBUG - Starting new HTTPS connection (1): www.lelongtips.com.my:443
2024-05-24 17:21:12.748250 - DEBUG - https://www.lelongtips.com.my:443 "GET /search?keyword=&property_type%5B%5D=1&property_type%5B%5D=4&property_type%5B%5D=5&property_type%5B%5D=3&state=kl_sel&min_price=150000&max_price=1000000&min_size=&max_size=&sort=price-asc&page=82 HTTP/1.1" 200 None
2024-05-24 17:21:14.817086 - DEBUG - Starting new HTTPS connection (1): www.lelongtips.com.my:443
2024-05-24 17:21:16.033143 - DEBUG - https://www.lelongtips.com.my:443 "GET /search?keyword=&property_type%5B%5D=1&property_type%5B%5D=4&property_type%5B%5D=5&property_type%5B%5D=3&state=kl_sel&min_price=150000&max_price=1000000&min_size=&max_size=&sort=price-asc&page=83 HTTP/1.1" 200 None
2024-05-24 17:21:18.099420 - DEBUG - Starting new HTTPS connection (1): www.lelongtips.com.my:443
2024-05-24 17:21:19.210228 - DEBUG - https://www.lelongtips.com.my:443 "GET /search?keyword=&property_type%5B%5D=1&property_type%5B%5D=4&property_type%5B%5D=5&property_type%5B%5D=3&state=kl_sel&min_price=150000&max_price=1000000&min_size=&max_size=&sort=price-asc&page=84 HTTP/1.1" 200 None
2024-05-24 17:21:21.288514 - DEBUG - Starting new HTTPS connection (1): www.lelongtips.com.my:443
2024-05-24 17:21:22.575369 - DEBUG - https://www.lelongtips.com.my:443 "GET /search?keyword=&property_type%5B%5D=1&property_type%5B%5D=4&property_type%5B%5D=5&property_type%5B%5D=3&state=kl_sel&min_price=150000&max_price=1000000&min_size=&max_size=&sort=price-asc&page=85 HTTP/1.1" 200 None
2024-05-24 17:21:25.643542 - DEBUG - Starting new HTTPS connection (1): www.lelongtips.com.my:443
2024-05-24 17:21:27.079397 - DEBUG - https://www.lelongtips.com.my:443 "GET /search?keyword=&property_type%5B%5D=1&property_type%5B%5D=4&property_type%5B%5D=5&property_type%5B%5D=3&state=kl_sel&min_price=150000&max_price=1000000&min_size=&max_size=&sort=price-asc&page=86 HTTP/1.1" 200 None
2024-05-24 17:21:30.204043 - DEBUG - Starting new HTTPS connection (1): www.lelongtips.com.my:443
2024-05-24 17:21:31.921603 - DEBUG - https://www.lelongtips.com.my:443 "GET /search?keyword=&property_type%5B%5D=1&property_type%5B%5D=4&property_type%5B%5D=5&property_type%5B%5D=3&state=kl_sel&min_price=150000&max_price=1000000&min_size=&max_size=&sort=price-asc&page=87 HTTP/1.1" 200 None
2024-05-24 17:21:35.008494 - DEBUG - Starting new HTTPS connection (1): www.lelongtips.com.my:443
2024-05-24 17:21:36.304455 - DEBUG - https://www.lelongtips.com.my:443 "GET /search?keyword=&property_type%5B%5D=1&property_type%5B%5D=4&property_type%5B%5D=5&property_type%5B%5D=3&state=kl_sel&min_price=150000&max_price=1000000&min_size=&max_size=&sort=price-asc&page=88 HTTP/1.1" 200 None
2024-05-24 17:21:38.388315 - DEBUG - Starting new HTTPS connection (1): www.lelongtips.com.my:443
2024-05-24 17:21:39.572009 - DEBUG - https://www.lelongtips.com.my:443 "GET /search?keyword=&property_type%5B%5D=1&property_type%5B%5D=4&property_type%5B%5D=5&property_type%5B%5D=3&state=kl_sel&min_price=150000&max_price=1000000&min_size=&max_size=&sort=price-asc&page=89 HTTP/1.1" 200 None
2024-05-24 17:21:42.646746 - DEBUG - Starting new HTTPS connection (1): www.lelongtips.com.my:443
2024-05-24 17:21:43.874746 - DEBUG - https://www.lelongtips.com.my:443 "GET /search?keyword=&property_type%5B%5D=1&property_type%5B%5D=4&property_type%5B%5D=5&property_type%5B%5D=3&state=kl_sel&min_price=150000&max_price=1000000&min_size=&max_size=&sort=price-asc&page=90 HTTP/1.1" 200 None
2024-05-24 17:21:47.938713 - DEBUG - Starting new HTTPS connection (1): www.lelongtips.com.my:443
2024-05-24 17:21:50.019231 - DEBUG - https://www.lelongtips.com.my:443 "GET /search?keyword=&property_type%5B%5D=1&property_type%5B%5D=4&property_type%5B%5D=5&property_type%5B%5D=3&state=kl_sel&min_price=150000&max_price=1000000&min_size=&max_size=&sort=price-asc&page=91 HTTP/1.1" 200 None
2024-05-24 17:21:52.085246 - DEBUG - Starting new HTTPS connection (1): www.lelongtips.com.my:443
2024-05-24 17:21:53.811459 - DEBUG - https://www.lelongtips.com.my:443 "GET /search?keyword=&property_type%5B%5D=1&property_type%5B%5D=4&property_type%5B%5D=5&property_type%5B%5D=3&state=kl_sel&min_price=150000&max_price=1000000&min_size=&max_size=&sort=price-asc&page=92 HTTP/1.1" 200 None
2024-05-24 17:21:57.937274 - DEBUG - Starting new HTTPS connection (1): www.lelongtips.com.my:443
2024-05-24 17:21:59.436958 - DEBUG - https://www.lelongtips.com.my:443 "GET /search?keyword=&property_type%5B%5D=1&property_type%5B%5D=4&property_type%5B%5D=5&property_type%5B%5D=3&state=kl_sel&min_price=150000&max_price=1000000&min_size=&max_size=&sort=price-asc&page=93 HTTP/1.1" 200 None
2024-05-24 17:22:02.497187 - DEBUG - Starting new HTTPS connection (1): www.lelongtips.com.my:443
2024-05-24 17:22:04.154210 - DEBUG - https://www.lelongtips.com.my:443 "GET /search?keyword=&property_type%5B%5D=1&property_type%5B%5D=4&property_type%5B%5D=5&property_type%5B%5D=3&state=kl_sel&min_price=150000&max_price=1000000&min_size=&max_size=&sort=price-asc&page=94 HTTP/1.1" 200 None
2024-05-24 17:22:08.218687 - DEBUG - Starting new HTTPS connection (1): www.lelongtips.com.my:443
2024-05-24 17:22:09.686540 - DEBUG - https://www.lelongtips.com.my:443 "GET /search?keyword=&property_type%5B%5D=1&property_type%5B%5D=4&property_type%5B%5D=5&property_type%5B%5D=3&state=kl_sel&min_price=150000&max_price=1000000&min_size=&max_size=&sort=price-asc&page=95 HTTP/1.1" 200 None
2024-05-24 17:22:13.748883 - DEBUG - Starting new HTTPS connection (1): www.lelongtips.com.my:443
2024-05-24 17:22:14.800025 - DEBUG - https://www.lelongtips.com.my:443 "GET /search?keyword=&property_type%5B%5D=1&property_type%5B%5D=4&property_type%5B%5D=5&property_type%5B%5D=3&state=kl_sel&min_price=150000&max_price=1000000&min_size=&max_size=&sort=price-asc&page=96 HTTP/1.1" 200 None
2024-05-24 17:22:17.865137 - DEBUG - Starting new HTTPS connection (1): www.lelongtips.com.my:443
2024-05-24 17:22:18.907566 - DEBUG - https://www.lelongtips.com.my:443 "GET /search?keyword=&property_type%5B%5D=1&property_type%5B%5D=4&property_type%5B%5D=5&property_type%5B%5D=3&state=kl_sel&min_price=150000&max_price=1000000&min_size=&max_size=&sort=price-asc&page=97 HTTP/1.1" 200 None
2024-05-24 17:22:21.969092 - DEBUG - Starting new HTTPS connection (1): www.lelongtips.com.my:443
2024-05-24 17:22:23.504285 - DEBUG - https://www.lelongtips.com.my:443 "GET /search?keyword=&property_type%5B%5D=1&property_type%5B%5D=4&property_type%5B%5D=5&property_type%5B%5D=3&state=kl_sel&min_price=150000&max_price=1000000&min_size=&max_size=&sort=price-asc&page=98 HTTP/1.1" 200 None
2024-05-24 17:22:25.628249 - DEBUG - Starting new HTTPS connection (1): www.lelongtips.com.my:443
2024-05-24 17:22:26.984401 - DEBUG - https://www.lelongtips.com.my:443 "GET /search?keyword=&property_type%5B%5D=1&property_type%5B%5D=4&property_type%5B%5D=5&property_type%5B%5D=3&state=kl_sel&min_price=150000&max_price=1000000&min_size=&max_size=&sort=price-asc&page=99 HTTP/1.1" 200 None
2024-05-24 17:22:29.049769 - DEBUG - Starting new HTTPS connection (1): www.lelongtips.com.my:443
2024-05-24 17:22:30.259281 - DEBUG - https://www.lelongtips.com.my:443 "GET /search?keyword=&property_type%5B%5D=1&property_type%5B%5D=4&property_type%5B%5D=5&property_type%5B%5D=3&state=kl_sel&min_price=150000&max_price=1000000&min_size=&max_size=&sort=price-asc&page=100 HTTP/1.1" 200 None
2024-05-24 17:22:32.323841 - DEBUG - Starting new HTTPS connection (1): www.lelongtips.com.my:443
2024-05-24 17:22:33.539135 - DEBUG - https://www.lelongtips.com.my:443 "GET /search?keyword=&property_type%5B%5D=1&property_type%5B%5D=4&property_type%5B%5D=5&property_type%5B%5D=3&state=kl_sel&min_price=150000&max_price=1000000&min_size=&max_size=&sort=price-asc&page=101 HTTP/1.1" 200 None
2024-05-24 17:22:35.602600 - DEBUG - Starting new HTTPS connection (1): www.lelongtips.com.my:443
2024-05-24 17:22:36.914826 - DEBUG - https://www.lelongtips.com.my:443 "GET /search?keyword=&property_type%5B%5D=1&property_type%5B%5D=4&property_type%5B%5D=5&property_type%5B%5D=3&state=kl_sel&min_price=150000&max_price=1000000&min_size=&max_size=&sort=price-asc&page=102 HTTP/1.1" 200 None
2024-05-24 17:22:39.974866 - DEBUG - Starting new HTTPS connection (1): www.lelongtips.com.my:443
2024-05-24 17:22:42.350789 - DEBUG - https://www.lelongtips.com.my:443 "GET /search?keyword=&property_type%5B%5D=1&property_type%5B%5D=4&property_type%5B%5D=5&property_type%5B%5D=3&state=kl_sel&min_price=150000&max_price=1000000&min_size=&max_size=&sort=price-asc&page=103 HTTP/1.1" 200 None
2024-05-24 17:22:45.404372 - DEBUG - Starting new HTTPS connection (1): www.lelongtips.com.my:443
2024-05-24 17:22:48.265161 - DEBUG - https://www.lelongtips.com.my:443 "GET /search?keyword=&property_type%5B%5D=1&property_type%5B%5D=4&property_type%5B%5D=5&property_type%5B%5D=3&state=kl_sel&min_price=150000&max_price=1000000&min_size=&max_size=&sort=price-asc&page=104 HTTP/1.1" 200 None
2024-05-24 17:22:52.387373 - DEBUG - Starting new HTTPS connection (1): www.lelongtips.com.my:443
2024-05-24 17:22:54.176253 - DEBUG - https://www.lelongtips.com.my:443 "GET /search?keyword=&property_type%5B%5D=1&property_type%5B%5D=4&property_type%5B%5D=5&property_type%5B%5D=3&state=kl_sel&min_price=150000&max_price=1000000&min_size=&max_size=&sort=price-asc&page=105 HTTP/1.1" 200 None
2024-05-24 17:22:58.235109 - DEBUG - Starting new HTTPS connection (1): www.lelongtips.com.my:443
2024-05-24 17:23:00.129992 - DEBUG - https://www.lelongtips.com.my:443 "GET /search?keyword=&property_type%5B%5D=1&property_type%5B%5D=4&property_type%5B%5D=5&property_type%5B%5D=3&state=kl_sel&min_price=150000&max_price=1000000&min_size=&max_size=&sort=price-asc&page=106 HTTP/1.1" 200 None
2024-05-24 17:23:02.184540 - DEBUG - Starting new HTTPS connection (1): www.lelongtips.com.my:443
2024-05-24 17:23:03.475537 - DEBUG - https://www.lelongtips.com.my:443 "GET /search?keyword=&property_type%5B%5D=1&property_type%5B%5D=4&property_type%5B%5D=5&property_type%5B%5D=3&state=kl_sel&min_price=150000&max_price=1000000&min_size=&max_size=&sort=price-asc&page=107 HTTP/1.1" 200 None
2024-05-24 17:23:05.535395 - DEBUG - Starting new HTTPS connection (1): www.lelongtips.com.my:443
2024-05-24 17:23:06.713386 - DEBUG - https://www.lelongtips.com.my:443 "GET /search?keyword=&property_type%5B%5D=1&property_type%5B%5D=4&property_type%5B%5D=5&property_type%5B%5D=3&state=kl_sel&min_price=150000&max_price=1000000&min_size=&max_size=&sort=price-asc&page=108 HTTP/1.1" 200 None
2024-05-24 17:23:10.763462 - DEBUG - Starting new HTTPS connection (1): www.lelongtips.com.my:443
2024-05-24 17:23:11.939023 - DEBUG - https://www.lelongtips.com.my:443 "GET /search?keyword=&property_type%5B%5D=1&property_type%5B%5D=4&property_type%5B%5D=5&property_type%5B%5D=3&state=kl_sel&min_price=150000&max_price=1000000&min_size=&max_size=&sort=price-asc&page=109 HTTP/1.1" 200 None
2024-05-24 17:23:13.993738 - DEBUG - Starting new HTTPS connection (1): www.lelongtips.com.my:443
2024-05-24 17:23:15.621688 - DEBUG - https://www.lelongtips.com.my:443 "GET /search?keyword=&property_type%5B%5D=1&property_type%5B%5D=4&property_type%5B%5D=5&property_type%5B%5D=3&state=kl_sel&min_price=150000&max_price=1000000&min_size=&max_size=&sort=price-asc&page=110 HTTP/1.1" 200 None
2024-05-24 17:23:19.674533 - DEBUG - Starting new HTTPS connection (1): www.lelongtips.com.my:443
2024-05-24 17:23:20.945827 - DEBUG - https://www.lelongtips.com.my:443 "GET /search?keyword=&property_type%5B%5D=1&property_type%5B%5D=4&property_type%5B%5D=5&property_type%5B%5D=3&state=kl_sel&min_price=150000&max_price=1000000&min_size=&max_size=&sort=price-asc&page=111 HTTP/1.1" 200 None
2024-05-24 17:23:23.061438 - DEBUG - Starting new HTTPS connection (1): www.lelongtips.com.my:443
2024-05-24 17:23:23.917890 - DEBUG - https://www.lelongtips.com.my:443 "GET /search?keyword=&property_type%5B%5D=1&property_type%5B%5D=4&property_type%5B%5D=5&property_type%5B%5D=3&state=kl_sel&min_price=150000&max_price=1000000&min_size=&max_size=&sort=price-asc&page=112 HTTP/1.1" 200 None
2024-05-24 17:23:25.971036 - DEBUG - Starting new HTTPS connection (1): www.lelongtips.com.my:443
2024-05-24 17:23:27.146583 - DEBUG - https://www.lelongtips.com.my:443 "GET /search?keyword=&property_type%5B%5D=1&property_type%5B%5D=4&property_type%5B%5D=5&property_type%5B%5D=3&state=kl_sel&min_price=150000&max_price=1000000&min_size=&max_size=&sort=price-asc&page=113 HTTP/1.1" 200 None
2024-05-24 17:23:30.201824 - DEBUG - Starting new HTTPS connection (1): www.lelongtips.com.my:443
2024-05-24 17:23:31.288412 - DEBUG - https://www.lelongtips.com.my:443 "GET /search?keyword=&property_type%5B%5D=1&property_type%5B%5D=4&property_type%5B%5D=5&property_type%5B%5D=3&state=kl_sel&min_price=150000&max_price=1000000&min_size=&max_size=&sort=price-asc&page=114 HTTP/1.1" 200 None
2024-05-24 17:23:35.349642 - DEBUG - Starting new HTTPS connection (1): www.lelongtips.com.my:443
2024-05-24 17:23:36.781867 - DEBUG - https://www.lelongtips.com.my:443 "GET /search?keyword=&property_type%5B%5D=1&property_type%5B%5D=4&property_type%5B%5D=5&property_type%5B%5D=3&state=kl_sel&min_price=150000&max_price=1000000&min_size=&max_size=&sort=price-asc&page=115 HTTP/1.1" 200 None
2024-05-24 17:23:40.835381 - DEBUG - Starting new HTTPS connection (1): www.lelongtips.com.my:443
2024-05-24 17:23:41.938676 - DEBUG - https://www.lelongtips.com.my:443 "GET /search?keyword=&property_type%5B%5D=1&property_type%5B%5D=4&property_type%5B%5D=5&property_type%5B%5D=3&state=kl_sel&min_price=150000&max_price=1000000&min_size=&max_size=&sort=price-asc&page=116 HTTP/1.1" 200 None
2024-05-24 17:23:44.991586 - DEBUG - Starting new HTTPS connection (1): www.lelongtips.com.my:443
2024-05-24 17:23:46.239905 - DEBUG - https://www.lelongtips.com.my:443 "GET /search?keyword=&property_type%5B%5D=1&property_type%5B%5D=4&property_type%5B%5D=5&property_type%5B%5D=3&state=kl_sel&min_price=150000&max_price=1000000&min_size=&max_size=&sort=price-asc&page=117 HTTP/1.1" 200 None
2024-05-24 17:23:48.372385 - DEBUG - Starting new HTTPS connection (1): www.lelongtips.com.my:443
2024-05-24 17:23:49.310849 - DEBUG - https://www.lelongtips.com.my:443 "GET /search?keyword=&property_type%5B%5D=1&property_type%5B%5D=4&property_type%5B%5D=5&property_type%5B%5D=3&state=kl_sel&min_price=150000&max_price=1000000&min_size=&max_size=&sort=price-asc&page=118 HTTP/1.1" 200 None
2024-05-24 17:23:51.365777 - DEBUG - Starting new HTTPS connection (1): www.lelongtips.com.my:443
2024-05-24 17:23:52.998248 - DEBUG - https://www.lelongtips.com.my:443 "GET /search?keyword=&property_type%5B%5D=1&property_type%5B%5D=4&property_type%5B%5D=5&property_type%5B%5D=3&state=kl_sel&min_price=150000&max_price=1000000&min_size=&max_size=&sort=price-asc&page=119 HTTP/1.1" 200 None
2024-05-24 17:23:56.051025 - DEBUG - Starting new HTTPS connection (1): www.lelongtips.com.my:443
2024-05-24 17:23:58.528718 - DEBUG - https://www.lelongtips.com.my:443 "GET /search?keyword=&property_type%5B%5D=1&property_type%5B%5D=4&property_type%5B%5D=5&property_type%5B%5D=3&state=kl_sel&min_price=150000&max_price=1000000&min_size=&max_size=&sort=price-asc&page=120 HTTP/1.1" 200 None
2024-05-24 17:24:01.584028 - DEBUG - Starting new HTTPS connection (1): www.lelongtips.com.my:443
2024-05-24 17:24:03.650235 - DEBUG - https://www.lelongtips.com.my:443 "GET /search?keyword=&property_type%5B%5D=1&property_type%5B%5D=4&property_type%5B%5D=5&property_type%5B%5D=3&state=kl_sel&min_price=150000&max_price=1000000&min_size=&max_size=&sort=price-asc&page=121 HTTP/1.1" 200 None
2024-05-24 17:24:06.707172 - DEBUG - Starting new HTTPS connection (1): www.lelongtips.com.my:443
2024-05-24 17:24:07.904231 - DEBUG - https://www.lelongtips.com.my:443 "GET /search?keyword=&property_type%5B%5D=1&property_type%5B%5D=4&property_type%5B%5D=5&property_type%5B%5D=3&state=kl_sel&min_price=150000&max_price=1000000&min_size=&max_size=&sort=price-asc&page=122 HTTP/1.1" 200 None
2024-05-24 17:24:09.958622 - DEBUG - Starting new HTTPS connection (1): www.lelongtips.com.my:443
2024-05-24 17:24:12.456795 - DEBUG - https://www.lelongtips.com.my:443 "GET /search?keyword=&property_type%5B%5D=1&property_type%5B%5D=4&property_type%5B%5D=5&property_type%5B%5D=3&state=kl_sel&min_price=150000&max_price=1000000&min_size=&max_size=&sort=price-asc&page=123 HTTP/1.1" 200 None
2024-05-24 17:24:16.581919 - DEBUG - Starting new HTTPS connection (1): www.lelongtips.com.my:443
2024-05-24 17:24:17.474811 - DEBUG - https://www.lelongtips.com.my:443 "GET /search?keyword=&property_type%5B%5D=1&property_type%5B%5D=4&property_type%5B%5D=5&property_type%5B%5D=3&state=kl_sel&min_price=150000&max_price=1000000&min_size=&max_size=&sort=price-asc&page=124 HTTP/1.1" 200 None
2024-05-24 17:24:21.529490 - DEBUG - Starting new HTTPS connection (1): www.lelongtips.com.my:443
2024-05-24 17:24:22.596770 - DEBUG - https://www.lelongtips.com.my:443 "GET /search?keyword=&property_type%5B%5D=1&property_type%5B%5D=4&property_type%5B%5D=5&property_type%5B%5D=3&state=kl_sel&min_price=150000&max_price=1000000&min_size=&max_size=&sort=price-asc&page=125 HTTP/1.1" 200 None
2024-05-24 17:24:25.650443 - DEBUG - Starting new HTTPS connection (1): www.lelongtips.com.my:443
2024-05-24 17:24:26.789100 - DEBUG - https://www.lelongtips.com.my:443 "GET /search?keyword=&property_type%5B%5D=1&property_type%5B%5D=4&property_type%5B%5D=5&property_type%5B%5D=3&state=kl_sel&min_price=150000&max_price=1000000&min_size=&max_size=&sort=price-asc&page=126 HTTP/1.1" 200 None
2024-05-24 17:24:28.844233 - DEBUG - Starting new HTTPS connection (1): www.lelongtips.com.my:443
2024-05-24 17:24:36.317507 - DEBUG - https://www.lelongtips.com.my:443 "GET /search?keyword=&property_type%5B%5D=1&property_type%5B%5D=4&property_type%5B%5D=5&property_type%5B%5D=3&state=kl_sel&min_price=150000&max_price=1000000&min_size=&max_size=&sort=price-asc&page=127 HTTP/1.1" 200 None
2024-05-24 17:24:40.370666 - DEBUG - Starting new HTTPS connection (1): www.lelongtips.com.my:443
2024-05-24 17:24:47.020375 - DEBUG - https://www.lelongtips.com.my:443 "GET /search?keyword=&property_type%5B%5D=1&property_type%5B%5D=4&property_type%5B%5D=5&property_type%5B%5D=3&state=kl_sel&min_price=150000&max_price=1000000&min_size=&max_size=&sort=price-asc&page=128 HTTP/1.1" 200 None
2024-05-24 17:24:49.073996 - DEBUG - Starting new HTTPS connection (1): www.lelongtips.com.my:443
2024-05-24 17:24:50.869162 - DEBUG - https://www.lelongtips.com.my:443 "GET /search?keyword=&property_type%5B%5D=1&property_type%5B%5D=4&property_type%5B%5D=5&property_type%5B%5D=3&state=kl_sel&min_price=150000&max_price=1000000&min_size=&max_size=&sort=price-asc&page=129 HTTP/1.1" 200 None
2024-05-24 17:24:54.925807 - DEBUG - Starting new HTTPS connection (1): www.lelongtips.com.my:443
2024-05-24 17:24:57.508396 - DEBUG - https://www.lelongtips.com.my:443 "GET /search?keyword=&property_type%5B%5D=1&property_type%5B%5D=4&property_type%5B%5D=5&property_type%5B%5D=3&state=kl_sel&min_price=150000&max_price=1000000&min_size=&max_size=&sort=price-asc&page=130 HTTP/1.1" 200 None
2024-05-24 17:25:00.623793 - DEBUG - Starting new HTTPS connection (1): www.lelongtips.com.my:443
2024-05-24 17:25:01.921498 - DEBUG - https://www.lelongtips.com.my:443 "GET /search?keyword=&property_type%5B%5D=1&property_type%5B%5D=4&property_type%5B%5D=5&property_type%5B%5D=3&state=kl_sel&min_price=150000&max_price=1000000&min_size=&max_size=&sort=price-asc&page=131 HTTP/1.1" 200 None
2024-05-24 17:25:03.976207 - DEBUG - Starting new HTTPS connection (1): www.lelongtips.com.my:443
2024-05-24 17:25:05.197197 - DEBUG - https://www.lelongtips.com.my:443 "GET /search?keyword=&property_type%5B%5D=1&property_type%5B%5D=4&property_type%5B%5D=5&property_type%5B%5D=3&state=kl_sel&min_price=150000&max_price=1000000&min_size=&max_size=&sort=price-asc&page=132 HTTP/1.1" 200 None
2024-05-24 17:25:08.253809 - DEBUG - Starting new HTTPS connection (1): www.lelongtips.com.my:443
2024-05-24 17:25:10.207128 - DEBUG - https://www.lelongtips.com.my:443 "GET /search?keyword=&property_type%5B%5D=1&property_type%5B%5D=4&property_type%5B%5D=5&property_type%5B%5D=3&state=kl_sel&min_price=150000&max_price=1000000&min_size=&max_size=&sort=price-asc&page=133 HTTP/1.1" 200 None
2024-05-24 17:25:13.260204 - DEBUG - Starting new HTTPS connection (1): www.lelongtips.com.my:443
2024-05-24 17:25:16.146819 - DEBUG - https://www.lelongtips.com.my:443 "GET /search?keyword=&property_type%5B%5D=1&property_type%5B%5D=4&property_type%5B%5D=5&property_type%5B%5D=3&state=kl_sel&min_price=150000&max_price=1000000&min_size=&max_size=&sort=price-asc&page=134 HTTP/1.1" 200 None
2024-05-24 17:25:20.223255 - DEBUG - Starting new HTTPS connection (1): www.lelongtips.com.my:443
2024-05-24 17:25:21.857804 - DEBUG - https://www.lelongtips.com.my:443 "GET /search?keyword=&property_type%5B%5D=1&property_type%5B%5D=4&property_type%5B%5D=5&property_type%5B%5D=3&state=kl_sel&min_price=150000&max_price=1000000&min_size=&max_size=&sort=price-asc&page=135 HTTP/1.1" 200 None
2024-05-24 17:25:25.912843 - DEBUG - Starting new HTTPS connection (1): www.lelongtips.com.my:443
2024-05-24 17:25:27.402903 - DEBUG - https://www.lelongtips.com.my:443 "GET /search?keyword=&property_type%5B%5D=1&property_type%5B%5D=4&property_type%5B%5D=5&property_type%5B%5D=3&state=kl_sel&min_price=150000&max_price=1000000&min_size=&max_size=&sort=price-asc&page=136 HTTP/1.1" 200 None
2024-05-24 17:25:29.514136 - DEBUG - Starting new HTTPS connection (1): www.lelongtips.com.my:443
2024-05-24 17:25:30.587402 - DEBUG - https://www.lelongtips.com.my:443 "GET /search?keyword=&property_type%5B%5D=1&property_type%5B%5D=4&property_type%5B%5D=5&property_type%5B%5D=3&state=kl_sel&min_price=150000&max_price=1000000&min_size=&max_size=&sort=price-asc&page=137 HTTP/1.1" 200 None
2024-05-24 17:25:32.639601 - DEBUG - Starting new HTTPS connection (1): www.lelongtips.com.my:443
2024-05-24 17:25:33.655171 - DEBUG - https://www.lelongtips.com.my:443 "GET /search?keyword=&property_type%5B%5D=1&property_type%5B%5D=4&property_type%5B%5D=5&property_type%5B%5D=3&state=kl_sel&min_price=150000&max_price=1000000&min_size=&max_size=&sort=price-asc&page=138 HTTP/1.1" 200 None
2024-05-24 17:25:36.708936 - DEBUG - Starting new HTTPS connection (1): www.lelongtips.com.my:443
2024-05-24 17:25:37.748909 - DEBUG - https://www.lelongtips.com.my:443 "GET /search?keyword=&property_type%5B%5D=1&property_type%5B%5D=4&property_type%5B%5D=5&property_type%5B%5D=3&state=kl_sel&min_price=150000&max_price=1000000&min_size=&max_size=&sort=price-asc&page=139 HTTP/1.1" 200 None
2024-05-24 17:25:41.804983 - DEBUG - Starting new HTTPS connection (1): www.lelongtips.com.my:443
2024-05-24 17:25:42.974087 - DEBUG - https://www.lelongtips.com.my:443 "GET /search?keyword=&property_type%5B%5D=1&property_type%5B%5D=4&property_type%5B%5D=5&property_type%5B%5D=3&state=kl_sel&min_price=150000&max_price=1000000&min_size=&max_size=&sort=price-asc&page=140 HTTP/1.1" 200 None
2024-05-24 17:25:47.026737 - DEBUG - Starting new HTTPS connection (1): www.lelongtips.com.my:443
2024-05-24 17:25:48.301289 - DEBUG - https://www.lelongtips.com.my:443 "GET /search?keyword=&property_type%5B%5D=1&property_type%5B%5D=4&property_type%5B%5D=5&property_type%5B%5D=3&state=kl_sel&min_price=150000&max_price=1000000&min_size=&max_size=&sort=price-asc&page=141 HTTP/1.1" 200 None
2024-05-24 17:25:51.352097 - DEBUG - Starting new HTTPS connection (1): www.lelongtips.com.my:443
2024-05-24 17:25:52.910142 - DEBUG - https://www.lelongtips.com.my:443 "GET /search?keyword=&property_type%5B%5D=1&property_type%5B%5D=4&property_type%5B%5D=5&property_type%5B%5D=3&state=kl_sel&min_price=150000&max_price=1000000&min_size=&max_size=&sort=price-asc&page=142 HTTP/1.1" 200 None
2024-05-24 17:25:57.024609 - DEBUG - Starting new HTTPS connection (1): www.lelongtips.com.my:443
2024-05-24 17:25:58.847026 - DEBUG - https://www.lelongtips.com.my:443 "GET /search?keyword=&property_type%5B%5D=1&property_type%5B%5D=4&property_type%5B%5D=5&property_type%5B%5D=3&state=kl_sel&min_price=150000&max_price=1000000&min_size=&max_size=&sort=price-asc&page=143 HTTP/1.1" 200 None
2024-05-24 17:26:02.906985 - DEBUG - Starting new HTTPS connection (1): www.lelongtips.com.my:443
2024-05-24 17:26:05.091340 - DEBUG - https://www.lelongtips.com.my:443 "GET /search?keyword=&property_type%5B%5D=1&property_type%5B%5D=4&property_type%5B%5D=5&property_type%5B%5D=3&state=kl_sel&min_price=150000&max_price=1000000&min_size=&max_size=&sort=price-asc&page=144 HTTP/1.1" 200 None
2024-05-24 17:26:08.144749 - DEBUG - Starting new HTTPS connection (1): www.lelongtips.com.my:443
2024-05-24 17:26:09.304594 - DEBUG - https://www.lelongtips.com.my:443 "GET /search?keyword=&property_type%5B%5D=1&property_type%5B%5D=4&property_type%5B%5D=5&property_type%5B%5D=3&state=kl_sel&min_price=150000&max_price=1000000&min_size=&max_size=&sort=price-asc&page=145 HTTP/1.1" 200 None
