==============================================================================
20230523 14:44:08.618 - INFO - + START SUITE: Main [ ]
==============================================================================
20230523 14:44:08.620 - INFO - +- START TEST: 1 - Executes Main flow [ ]
------------------------------------------------------------------------------
20230523 14:44:08.621 - INFO - +-- START KEYWORD: Main.When user runs main flow [ ]
20230523 14:44:08.626 - DEBUG - Starting new HTTPS connection (1): www.lelongtips.com.my:443
20230523 14:44:09.360 - DEBUG - https://www.lelongtips.com.my:443 "GET /search?keyword=&property_type%5B%5D=1&property_type%5B%5D=4&property_type%5B%5D=5&property_type%5B%5D=3&state=kl_sel&min_price=150000&max_price=1000000&min_size=&max_size=&sort=price-asc&listing_status=upcoming&page=1 HTTP/1.1" 200 None
20230523 14:44:09.365 - DEBUG - Starting new HTTPS connection (1): www.lelongtips.com.my:443
20230523 14:44:10.149 - DEBUG - https://www.lelongtips.com.my:443 "GET /search?keyword=&property_type%5B%5D=1&property_type%5B%5D=4&property_type%5B%5D=5&property_type%5B%5D=3&state=kl_sel&min_price=150000&max_price=1000000&min_size=&max_size=&sort=price-asc&listing_status=upcoming&page=1 HTTP/1.1" 200 None
20230523 14:44:12.317 - DEBUG - Starting new HTTPS connection (1): www.lelongtips.com.my:443
20230523 14:44:12.904 - DEBUG - https://www.lelongtips.com.my:443 "GET /search?keyword=&property_type%5B%5D=1&property_type%5B%5D=4&property_type%5B%5D=5&property_type%5B%5D=3&state=kl_sel&min_price=150000&max_price=1000000&min_size=&max_size=&sort=price-asc&listing_status=upcoming&page=2 HTTP/1.1" 200 None
20230523 14:44:15.073 - DEBUG - Starting new HTTPS connection (1): www.lelongtips.com.my:443
20230523 14:44:15.864 - DEBUG - https://www.lelongtips.com.my:443 "GET /search?keyword=&property_type%5B%5D=1&property_type%5B%5D=4&property_type%5B%5D=5&property_type%5B%5D=3&state=kl_sel&min_price=150000&max_price=1000000&min_size=&max_size=&sort=price-asc&listing_status=upcoming&page=3 HTTP/1.1" 200 None
20230523 14:44:20.031 - DEBUG - Starting new HTTPS connection (1): www.lelongtips.com.my:443
20230523 14:44:20.702 - DEBUG - https://www.lelongtips.com.my:443 "GET /search?keyword=&property_type%5B%5D=1&property_type%5B%5D=4&property_type%5B%5D=5&property_type%5B%5D=3&state=kl_sel&min_price=150000&max_price=1000000&min_size=&max_size=&sort=price-asc&listing_status=upcoming&page=4 HTTP/1.1" 200 None
20230523 14:44:24.851 - DEBUG - Starting new HTTPS connection (1): www.lelongtips.com.my:443
20230523 14:44:25.684 - DEBUG - https://www.lelongtips.com.my:443 "GET /search?keyword=&property_type%5B%5D=1&property_type%5B%5D=4&property_type%5B%5D=5&property_type%5B%5D=3&state=kl_sel&min_price=150000&max_price=1000000&min_size=&max_size=&sort=price-asc&listing_status=upcoming&page=5 HTTP/1.1" 200 None
20230523 14:44:27.918 - DEBUG - Starting new HTTPS connection (1): www.lelongtips.com.my:443
20230523 14:44:28.647 - DEBUG - https://www.lelongtips.com.my:443 "GET /search?keyword=&property_type%5B%5D=1&property_type%5B%5D=4&property_type%5B%5D=5&property_type%5B%5D=3&state=kl_sel&min_price=150000&max_price=1000000&min_size=&max_size=&sort=price-asc&listing_status=upcoming&page=6 HTTP/1.1" 200 None
20230523 14:44:32.796 - DEBUG - Starting new HTTPS connection (1): www.lelongtips.com.my:443
20230523 14:44:33.317 - DEBUG - https://www.lelongtips.com.my:443 "GET /search?keyword=&property_type%5B%5D=1&property_type%5B%5D=4&property_type%5B%5D=5&property_type%5B%5D=3&state=kl_sel&min_price=150000&max_price=1000000&min_size=&max_size=&sort=price-asc&listing_status=upcoming&page=7 HTTP/1.1" 200 None
20230523 14:44:37.474 - DEBUG - Starting new HTTPS connection (1): www.lelongtips.com.my:443
20230523 14:44:38.737 - DEBUG - https://www.lelongtips.com.my:443 "GET /search?keyword=&property_type%5B%5D=1&property_type%5B%5D=4&property_type%5B%5D=5&property_type%5B%5D=3&state=kl_sel&min_price=150000&max_price=1000000&min_size=&max_size=&sort=price-asc&listing_status=upcoming&page=8 HTTP/1.1" 200 None
20230523 14:44:41.883 - DEBUG - Starting new HTTPS connection (1): www.lelongtips.com.my:443
20230523 14:44:42.408 - DEBUG - https://www.lelongtips.com.my:443 "GET /search?keyword=&property_type%5B%5D=1&property_type%5B%5D=4&property_type%5B%5D=5&property_type%5B%5D=3&state=kl_sel&min_price=150000&max_price=1000000&min_size=&max_size=&sort=price-asc&listing_status=upcoming&page=9 HTTP/1.1" 200 None
20230523 14:44:46.551 - DEBUG - Starting new HTTPS connection (1): www.lelongtips.com.my:443
20230523 14:44:47.234 - DEBUG - https://www.lelongtips.com.my:443 "GET /search?keyword=&property_type%5B%5D=1&property_type%5B%5D=4&property_type%5B%5D=5&property_type%5B%5D=3&state=kl_sel&min_price=150000&max_price=1000000&min_size=&max_size=&sort=price-asc&listing_status=upcoming&page=10 HTTP/1.1" 200 None
20230523 14:44:50.445 - DEBUG - Starting new HTTPS connection (1): www.lelongtips.com.my:443
20230523 14:44:50.969 - DEBUG - https://www.lelongtips.com.my:443 "GET /search?keyword=&property_type%5B%5D=1&property_type%5B%5D=4&property_type%5B%5D=5&property_type%5B%5D=3&state=kl_sel&min_price=150000&max_price=1000000&min_size=&max_size=&sort=price-asc&listing_status=upcoming&page=11 HTTP/1.1" 200 None
20230523 14:44:54.116 - DEBUG - Converted retries value: 2 -> Retry(total=2, connect=None, read=None, redirect=None, status=None)
20230523 14:44:54.116 - DEBUG - Converted retries value: 2 -> Retry(total=2, connect=None, read=None, redirect=None, status=None)
20230523 14:44:54.118 - DEBUG - Starting new HTTPS connection (1): maps.googleapis.com:443
20230523 14:44:54.250 - DEBUG - https://maps.googleapis.com:443 "GET /maps/api/geocode/json?address=Block+10%2C+Jalan+1%2F144A%2C+Taman+Bukit+Cheras%2C+56000%2C+Kuala+Lumpur&key=AIzaSyCFnR_9wkfFiy0Xui-qf4tXXe3T5aQ0yZk HTTP/1.1" 200 None
20230523 14:44:54.252 - DEBUG - Converted retries value: 2 -> Retry(total=2, connect=None, read=None, redirect=None, status=None)
20230523 14:44:54.253 - DEBUG - Converted retries value: 2 -> Retry(total=2, connect=None, read=None, redirect=None, status=None)
20230523 14:44:54.327 - DEBUG - https://maps.googleapis.com:443 "GET /maps/api/geocode/json?address=Block+M2%2C+Jalan+Persiaran+Desa+Serdang+3%2C+Taman+Desa+Serdang%2C+43300+Seri+Kembangan%2C+Selangor&key=AIzaSyCFnR_9wkfFiy0Xui-qf4tXXe3T5aQ0yZk HTTP/1.1" 200 None
20230523 14:44:54.328 - DEBUG - Converted retries value: 2 -> Retry(total=2, connect=None, read=None, redirect=None, status=None)
20230523 14:44:54.328 - DEBUG - Converted retries value: 2 -> Retry(total=2, connect=None, read=None, redirect=None, status=None)
20230523 14:44:54.423 - DEBUG - https://maps.googleapis.com:443 "GET /maps/api/geocode/json?address=Pangsapuri+Subang+Hijauan%2C+Jalan+Bintang+U5%2F33%2C+Seksyen+U5+40150+Shah+Alam%2C+Selangor&key=AIzaSyCFnR_9wkfFiy0Xui-qf4tXXe3T5aQ0yZk HTTP/1.1" 200 None
20230523 14:44:54.426 - DEBUG - Converted retries value: 2 -> Retry(total=2, connect=None, read=None, redirect=None, status=None)
20230523 14:44:54.426 - DEBUG - Converted retries value: 2 -> Retry(total=2, connect=None, read=None, redirect=None, status=None)
20230523 14:44:54.528 - DEBUG - https://maps.googleapis.com:443 "GET /maps/api/geocode/json?address=Block+53%2C+Abadi+Indah+Apartment%2C+Jalan+3%2F109C%2C+Taman+Abadi+Indah%2C+Off+Jalan+Kelang+Lama%2C+58100%2C+Kuala+Lumpur&key=AIzaSyCFnR_9wkfFiy0Xui-qf4tXXe3T5aQ0yZk HTTP/1.1" 200 None
20230523 14:44:54.530 - DEBUG - Converted retries value: 2 -> Retry(total=2, connect=None, read=None, redirect=None, status=None)
20230523 14:44:54.530 - DEBUG - Converted retries value: 2 -> Retry(total=2, connect=None, read=None, redirect=None, status=None)
20230523 14:44:54.599 - DEBUG - https://maps.googleapis.com:443 "GET /maps/api/geocode/json?address=Jalan+Orkid+1%2C+Taman+Orkid%2C+43200+Cheras%2C+Selangor&key=AIzaSyCFnR_9wkfFiy0Xui-qf4tXXe3T5aQ0yZk HTTP/1.1" 200 None
20230523 14:44:54.600 - DEBUG - Converted retries value: 2 -> Retry(total=2, connect=None, read=None, redirect=None, status=None)
20230523 14:44:54.601 - DEBUG - Converted retries value: 2 -> Retry(total=2, connect=None, read=None, redirect=None, status=None)
20230523 14:44:54.664 - DEBUG - https://maps.googleapis.com:443 "GET /maps/api/geocode/json?address=Pangsapuri+Sri+Angkasa%2C+Jalan+Batu+Unjur+10%2C+Taman+Bayu+Perdana%2C+41200+Klang%2C+Selangor&key=AIzaSyCFnR_9wkfFiy0Xui-qf4tXXe3T5aQ0yZk HTTP/1.1" 200 None
20230523 14:44:54.666 - DEBUG - Converted retries value: 2 -> Retry(total=2, connect=None, read=None, redirect=None, status=None)
20230523 14:44:54.667 - DEBUG - Converted retries value: 2 -> Retry(total=2, connect=None, read=None, redirect=None, status=None)
20230523 14:44:54.733 - DEBUG - https://maps.googleapis.com:443 "GET /maps/api/geocode/json?address=Pangsapuri+Rosana+Villa%2C+Jalan+Putra+Perdana+9%2C+Taman+Putra+Perdana%2C+47130+Puchong%2C+Selangor&key=AIzaSyCFnR_9wkfFiy0Xui-qf4tXXe3T5aQ0yZk HTTP/1.1" 200 None
20230523 14:44:54.734 - DEBUG - Converted retries value: 2 -> Retry(total=2, connect=None, read=None, redirect=None, status=None)
20230523 14:44:54.734 - DEBUG - Converted retries value: 2 -> Retry(total=2, connect=None, read=None, redirect=None, status=None)
20230523 14:44:54.823 - DEBUG - https://maps.googleapis.com:443 "GET /maps/api/geocode/json?address=Mesra+Ria%2C+Jalan+Ikan+Emas%2C+Taman+Pandan+Mesra%2C+68000+Ampang%2C+Selangor&key=AIzaSyCFnR_9wkfFiy0Xui-qf4tXXe3T5aQ0yZk HTTP/1.1" 200 None
20230523 14:44:54.829 - DEBUG - Converted retries value: 2 -> Retry(total=2, connect=None, read=None, redirect=None, status=None)
20230523 14:44:54.831 - DEBUG - Converted retries value: 2 -> Retry(total=2, connect=None, read=None, redirect=None, status=None)
20230523 14:44:54.897 - DEBUG - https://maps.googleapis.com:443 "GET /maps/api/geocode/json?address=Apartment+Lestari%2C+Jalan+PJU+10%2F1B%2C+Damansara+Damai%2C+47830+Petaling+Jaya%2C+Selangor&key=AIzaSyCFnR_9wkfFiy0Xui-qf4tXXe3T5aQ0yZk HTTP/1.1" 200 None
20230523 14:44:54.898 - DEBUG - Converted retries value: 2 -> Retry(total=2, connect=None, read=None, redirect=None, status=None)
20230523 14:44:54.899 - DEBUG - Converted retries value: 2 -> Retry(total=2, connect=None, read=None, redirect=None, status=None)
20230523 14:44:55.043 - DEBUG - https://maps.googleapis.com:443 "GET /maps/api/geocode/json?address=Pangsapuri+Desa+Lembah+Permai%2C+Jalan+Permai+4%2C+Desa+Lembah+Permai%2C+Lemabah+Jaya+Utara%2C+68000+Ampang%2C+Selangor&key=AIzaSyCFnR_9wkfFiy0Xui-qf4tXXe3T5aQ0yZk HTTP/1.1" 200 None
20230523 14:44:55.049 - DEBUG - Converted retries value: 2 -> Retry(total=2, connect=None, read=None, redirect=None, status=None)
20230523 14:44:55.050 - DEBUG - Converted retries value: 2 -> Retry(total=2, connect=None, read=None, redirect=None, status=None)
20230523 14:44:55.145 - DEBUG - https://maps.googleapis.com:443 "GET /maps/api/geocode/json?address=4th+Floor%2C+Block+B14%2C+Pangsapuri+Mutiara%2C+Jalan+Balakong+Jaya+1%2C+Taman+Balakong+Jaya%2C+43300+Seri+Kembangan%2C+Selangor&key=AIzaSyCFnR_9wkfFiy0Xui-qf4tXXe3T5aQ0yZk HTTP/1.1" 200 None
20230523 14:44:55.147 - DEBUG - Converted retries value: 2 -> Retry(total=2, connect=None, read=None, redirect=None, status=None)
20230523 14:44:55.148 - DEBUG - Converted retries value: 2 -> Retry(total=2, connect=None, read=None, redirect=None, status=None)
20230523 14:44:55.287 - DEBUG - https://maps.googleapis.com:443 "GET /maps/api/geocode/json?address=Idaman+Sentosa%2C+Jalan+Bendahara+47A%2C+Taman+Sentosa%2C+41200+Klang%2C+Selangor&key=AIzaSyCFnR_9wkfFiy0Xui-qf4tXXe3T5aQ0yZk HTTP/1.1" 200 None
20230523 14:44:55.292 - DEBUG - Converted retries value: 2 -> Retry(total=2, connect=None, read=None, redirect=None, status=None)
20230523 14:44:55.294 - DEBUG - Converted retries value: 2 -> Retry(total=2, connect=None, read=None, redirect=None, status=None)
20230523 14:44:55.375 - DEBUG - https://maps.googleapis.com:443 "GET /maps/api/geocode/json?address=Tingkat+3%2C+Jalan+10%2F2%2C+Taman+Perkasa%2C+43100+Hulu+Langat%2C+Selangor&key=AIzaSyCFnR_9wkfFiy0Xui-qf4tXXe3T5aQ0yZk HTTP/1.1" 200 None
20230523 14:44:55.377 - DEBUG - Converted retries value: 2 -> Retry(total=2, connect=None, read=None, redirect=None, status=None)
20230523 14:44:55.377 - DEBUG - Converted retries value: 2 -> Retry(total=2, connect=None, read=None, redirect=None, status=None)
20230523 14:44:55.468 - DEBUG - https://maps.googleapis.com:443 "GET /maps/api/geocode/json?address=Level+6%2C+Block+B3%2C+Pusat+Dagang+Setia+Jaya%2C+No.+9%2C+Jalan+PJS+8%2F9%2C+46150+Petaling+Jaya%2C+Selangor&key=AIzaSyCFnR_9wkfFiy0Xui-qf4tXXe3T5aQ0yZk HTTP/1.1" 200 None
20230523 14:44:55.474 - DEBUG - Converted retries value: 2 -> Retry(total=2, connect=None, read=None, redirect=None, status=None)
20230523 14:44:55.475 - DEBUG - Converted retries value: 2 -> Retry(total=2, connect=None, read=None, redirect=None, status=None)
20230523 14:44:55.545 - DEBUG - https://maps.googleapis.com:443 "GET /maps/api/geocode/json?address=Level+6%2C+Block+B3%2C+Pusat+Dagang+Setia+Jaya%2C+No.+9%2C+Jalan+PJS+8%2F9%2C+46150+Petaling+Jaya%2C+Selangor&key=AIzaSyCFnR_9wkfFiy0Xui-qf4tXXe3T5aQ0yZk HTTP/1.1" 200 None
20230523 14:44:55.547 - DEBUG - Converted retries value: 2 -> Retry(total=2, connect=None, read=None, redirect=None, status=None)
20230523 14:44:55.548 - DEBUG - Converted retries value: 2 -> Retry(total=2, connect=None, read=None, redirect=None, status=None)
20230523 14:44:55.645 - DEBUG - https://maps.googleapis.com:443 "GET /maps/api/geocode/json?address=Bayu+Apartment%2C+Jalan+PJU+10%2F4%2C+Damansara+Damai%2C+47830+Petaling+Jaya%2C+Selangor&key=AIzaSyCFnR_9wkfFiy0Xui-qf4tXXe3T5aQ0yZk HTTP/1.1" 200 None
20230523 14:44:55.649 - DEBUG - Converted retries value: 2 -> Retry(total=2, connect=None, read=None, redirect=None, status=None)
20230523 14:44:55.649 - DEBUG - Converted retries value: 2 -> Retry(total=2, connect=None, read=None, redirect=None, status=None)
20230523 14:44:55.705 - DEBUG - https://maps.googleapis.com:443 "GET /maps/api/geocode/json?address=Vega+Residensi+1%2C+Persiaran+Sepang%2C+Seksyen+6%2C+63300+Cyberjaya%2C+Selangor&key=AIzaSyCFnR_9wkfFiy0Xui-qf4tXXe3T5aQ0yZk HTTP/1.1" 200 None
20230523 14:44:55.710 - DEBUG - Converted retries value: 2 -> Retry(total=2, connect=None, read=None, redirect=None, status=None)
20230523 14:44:55.710 - DEBUG - Converted retries value: 2 -> Retry(total=2, connect=None, read=None, redirect=None, status=None)
20230523 14:44:55.733 - DEBUG - https://maps.googleapis.com:443 "GET /maps/api/geocode/json?address=Saville+%40+D%27Lake%2C+Jalan+Saville%2C+47130+Puchong%2C+Selangor&key=AIzaSyCFnR_9wkfFiy0Xui-qf4tXXe3T5aQ0yZk HTTP/1.1" 200 None
20230523 14:44:55.734 - DEBUG - Converted retries value: 2 -> Retry(total=2, connect=None, read=None, redirect=None, status=None)
20230523 14:44:55.735 - DEBUG - Converted retries value: 2 -> Retry(total=2, connect=None, read=None, redirect=None, status=None)
20230523 14:44:55.800 - DEBUG - https://maps.googleapis.com:443 "GET /maps/api/geocode/json?address=Block+A%2C+Villa+Sentosa%2C+Jalan+Dato+Yusof+Shahbudin+3%2C+Taman+Sentosa%2C+41200+Klang%2C+Selangor&key=AIzaSyCFnR_9wkfFiy0Xui-qf4tXXe3T5aQ0yZk HTTP/1.1" 200 None
20230523 14:44:55.801 - DEBUG - Converted retries value: 2 -> Retry(total=2, connect=None, read=None, redirect=None, status=None)
20230523 14:44:55.802 - DEBUG - Converted retries value: 2 -> Retry(total=2, connect=None, read=None, redirect=None, status=None)
20230523 14:44:55.899 - DEBUG - https://maps.googleapis.com:443 "GET /maps/api/geocode/json?address=Gugusan+Dedap%2C+Block+9%2C+Jalan+Kenyalang+11%2F1%2C+Kota+Damansara%2C+47810+Petaling+Jaya%2C+Selangor&key=AIzaSyCFnR_9wkfFiy0Xui-qf4tXXe3T5aQ0yZk HTTP/1.1" 200 None
20230523 14:44:55.901 - DEBUG - Converted retries value: 2 -> Retry(total=2, connect=None, read=None, redirect=None, status=None)
20230523 14:44:55.901 - DEBUG - Converted retries value: 2 -> Retry(total=2, connect=None, read=None, redirect=None, status=None)
20230523 14:44:55.988 - DEBUG - https://maps.googleapis.com:443 "GET /maps/api/geocode/json?address=Ground+Floor%2C+Block+17%2C+Jalan+SP+4%2F3%2C+Rumah+Pangsa+Impian%2C+Bandar+Saujana+Putra%2C+42610+Jenjarom%2C+Selangor&key=AIzaSyCFnR_9wkfFiy0Xui-qf4tXXe3T5aQ0yZk HTTP/1.1" 200 None
20230523 14:44:55.991 - DEBUG - Converted retries value: 2 -> Retry(total=2, connect=None, read=None, redirect=None, status=None)
20230523 14:44:55.991 - DEBUG - Converted retries value: 2 -> Retry(total=2, connect=None, read=None, redirect=None, status=None)
20230523 14:44:56.055 - DEBUG - https://maps.googleapis.com:443 "GET /maps/api/geocode/json?address=Jalan+Orkid+3%2C+Taman+Orkid%2C+43200+Cheras%2C+Selangor&key=AIzaSyCFnR_9wkfFiy0Xui-qf4tXXe3T5aQ0yZk HTTP/1.1" 200 None
20230523 14:44:56.060 - DEBUG - Converted retries value: 2 -> Retry(total=2, connect=None, read=None, redirect=None, status=None)
20230523 14:44:56.061 - DEBUG - Converted retries value: 2 -> Retry(total=2, connect=None, read=None, redirect=None, status=None)
20230523 14:44:56.157 - DEBUG - https://maps.googleapis.com:443 "GET /maps/api/geocode/json?address=Rosana+Villa+Apartment%2C+Jalan+Putra+Perdana+9%2C+Taman+Putra+Perdana%2C+47130+Puchong%2C+Selangor&key=AIzaSyCFnR_9wkfFiy0Xui-qf4tXXe3T5aQ0yZk HTTP/1.1" 200 None
20230523 14:44:56.160 - DEBUG - Converted retries value: 2 -> Retry(total=2, connect=None, read=None, redirect=None, status=None)
20230523 14:44:56.161 - DEBUG - Converted retries value: 2 -> Retry(total=2, connect=None, read=None, redirect=None, status=None)
20230523 14:44:56.224 - DEBUG - https://maps.googleapis.com:443 "GET /maps/api/geocode/json?address=Block+D%2C+Apartment+Indah+1%2C+Jalan+PJU+10%2F9%2C+Prima+Damansara%2C+47830+Petaling+Jaya%2C+Selangor&key=AIzaSyCFnR_9wkfFiy0Xui-qf4tXXe3T5aQ0yZk HTTP/1.1" 200 None
20230523 14:44:56.226 - DEBUG - Converted retries value: 2 -> Retry(total=2, connect=None, read=None, redirect=None, status=None)
20230523 14:44:56.226 - DEBUG - Converted retries value: 2 -> Retry(total=2, connect=None, read=None, redirect=None, status=None)
20230523 14:44:56.329 - DEBUG - https://maps.googleapis.com:443 "GET /maps/api/geocode/json?address=Pangsapuri+Mayang%2C+Jalan+Puncak+Jalil+8%2C+Taman+Puncak+Jalil%2C+Bandar+Putra+Permai%2C+43300+Seri+Kembangan%2C+Selangor&key=AIzaSyCFnR_9wkfFiy0Xui-qf4tXXe3T5aQ0yZk HTTP/1.1" 200 None
20230523 14:44:56.331 - DEBUG - Converted retries value: 2 -> Retry(total=2, connect=None, read=None, redirect=None, status=None)
20230523 14:44:56.331 - DEBUG - Converted retries value: 2 -> Retry(total=2, connect=None, read=None, redirect=None, status=None)
20230523 14:44:56.466 - DEBUG - https://maps.googleapis.com:443 "GET /maps/api/geocode/json?address=Block+52%2C+Apartment+Sri+Angkasa%2C+Jalan+Kanchung+Darat+28%2F7%2C+Taman+Alam+Megah%2C+Seksyen+28%2C+40400+Shah+Alam%2C+Selangor&key=AIzaSyCFnR_9wkfFiy0Xui-qf4tXXe3T5aQ0yZk HTTP/1.1" 200 None
20230523 14:44:56.467 - DEBUG - Converted retries value: 2 -> Retry(total=2, connect=None, read=None, redirect=None, status=None)
20230523 14:44:56.468 - DEBUG - Converted retries value: 2 -> Retry(total=2, connect=None, read=None, redirect=None, status=None)
20230523 14:44:56.532 - DEBUG - https://maps.googleapis.com:443 "GET /maps/api/geocode/json?address=Pangsapuri+Gagah%2C+Jalan+Tun+Perak%2C+Taman+Tun+Perak%2C+43200+Cheras%2C+Selangor&key=AIzaSyCFnR_9wkfFiy0Xui-qf4tXXe3T5aQ0yZk HTTP/1.1" 200 None
20230523 14:44:56.533 - DEBUG - Converted retries value: 2 -> Retry(total=2, connect=None, read=None, redirect=None, status=None)
20230523 14:44:56.534 - DEBUG - Converted retries value: 2 -> Retry(total=2, connect=None, read=None, redirect=None, status=None)
20230523 14:44:56.610 - DEBUG - https://maps.googleapis.com:443 "GET /maps/api/geocode/json?address=Pangsapuri+Permai+Villa%2C+Persiaran+Puchong+Permai%2C+Taman+Puchong+Permai%2C+Batu+13%2C+47150+Puchong%2C+Selangor&key=AIzaSyCFnR_9wkfFiy0Xui-qf4tXXe3T5aQ0yZk HTTP/1.1" 200 None
20230523 14:44:56.611 - DEBUG - Converted retries value: 2 -> Retry(total=2, connect=None, read=None, redirect=None, status=None)
20230523 14:44:56.612 - DEBUG - Converted retries value: 2 -> Retry(total=2, connect=None, read=None, redirect=None, status=None)
20230523 14:44:56.635 - DEBUG - https://maps.googleapis.com:443 "GET /maps/api/geocode/json?address=I-SOVO%2C+No.+5%2C+Persiaran+Multimedia%2C+Seksyen+7%2C+40000+Shah+Alam%2C+Selangor&key=AIzaSyCFnR_9wkfFiy0Xui-qf4tXXe3T5aQ0yZk HTTP/1.1" 200 None
20230523 14:44:56.637 - DEBUG - Converted retries value: 2 -> Retry(total=2, connect=None, read=None, redirect=None, status=None)
20230523 14:44:56.638 - DEBUG - Converted retries value: 2 -> Retry(total=2, connect=None, read=None, redirect=None, status=None)
20230523 14:44:56.663 - DEBUG - https://maps.googleapis.com:443 "GET /maps/api/geocode/json?address=Pangsapuri+Berembang+Indah%2C+Jalan+Nipah%2C+Off+Jalan+Ampang%2C+55000+Ampang%2C+Selangor&key=AIzaSyCFnR_9wkfFiy0Xui-qf4tXXe3T5aQ0yZk HTTP/1.1" 200 None
20230523 14:44:56.664 - DEBUG - Converted retries value: 2 -> Retry(total=2, connect=None, read=None, redirect=None, status=None)
20230523 14:44:56.665 - DEBUG - Converted retries value: 2 -> Retry(total=2, connect=None, read=None, redirect=None, status=None)
20230523 14:44:56.710 - DEBUG - https://maps.googleapis.com:443 "GET /maps/api/geocode/json?address=Pudu+Impian+1%2C+Jalan+Pudu+Ulu%2C+56100%2C+Kuala+Lumpur&key=AIzaSyCFnR_9wkfFiy0Xui-qf4tXXe3T5aQ0yZk HTTP/1.1" 200 None
20230523 14:44:56.715 - DEBUG - Converted retries value: 2 -> Retry(total=2, connect=None, read=None, redirect=None, status=None)
20230523 14:44:56.717 - DEBUG - Converted retries value: 2 -> Retry(total=2, connect=None, read=None, redirect=None, status=None)
20230523 14:44:56.740 - DEBUG - https://maps.googleapis.com:443 "GET /maps/api/geocode/json?address=2nd+Floor+%28R%29%2C+Jalan+Kosas+1%2F2%2C+Taman+Kosas%2C+68000+Ampang%2C+Selangor&key=AIzaSyCFnR_9wkfFiy0Xui-qf4tXXe3T5aQ0yZk HTTP/1.1" 200 None
20230523 14:44:56.742 - DEBUG - Converted retries value: 2 -> Retry(total=2, connect=None, read=None, redirect=None, status=None)
20230523 14:44:56.742 - DEBUG - Converted retries value: 2 -> Retry(total=2, connect=None, read=None, redirect=None, status=None)
20230523 14:44:56.817 - DEBUG - https://maps.googleapis.com:443 "GET /maps/api/geocode/json?address=Jalan+Pandan+Indah+26%2C+Pandan+Indah%2C+55100%2C+Kuala+Lumpur&key=AIzaSyCFnR_9wkfFiy0Xui-qf4tXXe3T5aQ0yZk HTTP/1.1" 200 None
20230523 14:44:56.820 - DEBUG - Converted retries value: 2 -> Retry(total=2, connect=None, read=None, redirect=None, status=None)
20230523 14:44:56.821 - DEBUG - Converted retries value: 2 -> Retry(total=2, connect=None, read=None, redirect=None, status=None)
20230523 14:44:56.844 - DEBUG - https://maps.googleapis.com:443 "GET /maps/api/geocode/json?address=Harvard+Tower%2C+Garden+Plaza%2C+Persiaran+Harmoni%2C+Cyber+3%2C+63000+Cyberjaya%2C+Selangor&key=AIzaSyCFnR_9wkfFiy0Xui-qf4tXXe3T5aQ0yZk HTTP/1.1" 200 None
20230523 14:44:56.846 - DEBUG - Converted retries value: 2 -> Retry(total=2, connect=None, read=None, redirect=None, status=None)
20230523 14:44:56.847 - DEBUG - Converted retries value: 2 -> Retry(total=2, connect=None, read=None, redirect=None, status=None)
20230523 14:44:56.963 - DEBUG - https://maps.googleapis.com:443 "GET /maps/api/geocode/json?address=Sri+Langkawi+1%2C+Block+8%2C+Off+Jalan+Gombak%2C+53000%2C+Kuala+Lumpur&key=AIzaSyCFnR_9wkfFiy0Xui-qf4tXXe3T5aQ0yZk HTTP/1.1" 200 None
20230523 14:44:56.965 - DEBUG - Converted retries value: 2 -> Retry(total=2, connect=None, read=None, redirect=None, status=None)
20230523 14:44:56.965 - DEBUG - Converted retries value: 2 -> Retry(total=2, connect=None, read=None, redirect=None, status=None)
20230523 14:44:57.038 - DEBUG - https://maps.googleapis.com:443 "GET /maps/api/geocode/json?address=Block+1%2C+Jalan+2%2F144A%2C+Taman+Bukit+Cheras%2C+56000%2C+Kuala+Lumpur&key=AIzaSyCFnR_9wkfFiy0Xui-qf4tXXe3T5aQ0yZk HTTP/1.1" 200 None
20230523 14:44:57.039 - DEBUG - Converted retries value: 2 -> Retry(total=2, connect=None, read=None, redirect=None, status=None)
20230523 14:44:57.039 - DEBUG - Converted retries value: 2 -> Retry(total=2, connect=None, read=None, redirect=None, status=None)
20230523 14:44:57.114 - DEBUG - https://maps.googleapis.com:443 "GET /maps/api/geocode/json?address=Blok+4%2C+Jalan+Senangin+17%2F2%2C+Seksyen+17%2C+40200+Shah+Alam%2C+Selangor&key=AIzaSyCFnR_9wkfFiy0Xui-qf4tXXe3T5aQ0yZk HTTP/1.1" 200 None
20230523 14:44:57.119 - DEBUG - Converted retries value: 2 -> Retry(total=2, connect=None, read=None, redirect=None, status=None)
20230523 14:44:57.120 - DEBUG - Converted retries value: 2 -> Retry(total=2, connect=None, read=None, redirect=None, status=None)
20230523 14:44:57.228 - DEBUG - https://maps.googleapis.com:443 "GET /maps/api/geocode/json?address=Block+F%2C+Jalan+30%2F146%2C+Bandar+Tasik+Selatan%2C+57100%2C+Kuala+Lumpur&key=AIzaSyCFnR_9wkfFiy0Xui-qf4tXXe3T5aQ0yZk HTTP/1.1" 200 None
20230523 14:44:57.230 - DEBUG - Converted retries value: 2 -> Retry(total=2, connect=None, read=None, redirect=None, status=None)
20230523 14:44:57.231 - DEBUG - Converted retries value: 2 -> Retry(total=2, connect=None, read=None, redirect=None, status=None)
20230523 14:44:57.319 - DEBUG - https://maps.googleapis.com:443 "GET /maps/api/geocode/json?address=Block+C+%28Cempaka%29%2C+Pelangi+Damansara%2C+Persiaran+Surian%2C+Pju+6%2C+46200+Petaling+Jaya%2C+Selangor&key=AIzaSyCFnR_9wkfFiy0Xui-qf4tXXe3T5aQ0yZk HTTP/1.1" 200 None
20230523 14:44:57.321 - DEBUG - Converted retries value: 2 -> Retry(total=2, connect=None, read=None, redirect=None, status=None)
20230523 14:44:57.321 - DEBUG - Converted retries value: 2 -> Retry(total=2, connect=None, read=None, redirect=None, status=None)
20230523 14:44:57.396 - DEBUG - https://maps.googleapis.com:443 "GET /maps/api/geocode/json?address=Jalan+6%2C+Taman+Muhibbah%2C+45200+Sabak+Bernam%2C+Selangor&key=AIzaSyCFnR_9wkfFiy0Xui-qf4tXXe3T5aQ0yZk HTTP/1.1" 200 None
20230523 14:44:57.401 - DEBUG - Converted retries value: 2 -> Retry(total=2, connect=None, read=None, redirect=None, status=None)
20230523 14:44:57.402 - DEBUG - Converted retries value: 2 -> Retry(total=2, connect=None, read=None, redirect=None, status=None)
20230523 14:44:57.479 - DEBUG - https://maps.googleapis.com:443 "GET /maps/api/geocode/json?address=The+3+Towers%2C+No.+296%2C+Jalan+Ampang%2C+50450%2C+Kuala+Lumpur&key=AIzaSyCFnR_9wkfFiy0Xui-qf4tXXe3T5aQ0yZk HTTP/1.1" 200 None
20230523 14:44:57.481 - DEBUG - Converted retries value: 2 -> Retry(total=2, connect=None, read=None, redirect=None, status=None)
20230523 14:44:57.482 - DEBUG - Converted retries value: 2 -> Retry(total=2, connect=None, read=None, redirect=None, status=None)
20230523 14:44:57.540 - DEBUG - https://maps.googleapis.com:443 "GET /maps/api/geocode/json?address=Jalan+Hamzah+Alang+30%2C+Taman+Intan+Jaya%2C+42200+Kapar%2C+Selangor&key=AIzaSyCFnR_9wkfFiy0Xui-qf4tXXe3T5aQ0yZk HTTP/1.1" 200 None
20230523 14:44:57.542 - DEBUG - Converted retries value: 2 -> Retry(total=2, connect=None, read=None, redirect=None, status=None)
20230523 14:44:57.543 - DEBUG - Converted retries value: 2 -> Retry(total=2, connect=None, read=None, redirect=None, status=None)
20230523 14:44:57.628 - DEBUG - https://maps.googleapis.com:443 "GET /maps/api/geocode/json?address=Block+G%2C+Pangsapuri+Puchong+Permata%2C+Jalan+Permata+1%2C+Taman+Puchong+Permai%2C+47100+Puchong%2C+Selangor&key=AIzaSyCFnR_9wkfFiy0Xui-qf4tXXe3T5aQ0yZk HTTP/1.1" 200 None
20230523 14:44:57.629 - DEBUG - Converted retries value: 2 -> Retry(total=2, connect=None, read=None, redirect=None, status=None)
20230523 14:44:57.630 - DEBUG - Converted retries value: 2 -> Retry(total=2, connect=None, read=None, redirect=None, status=None)
20230523 14:44:57.655 - DEBUG - https://maps.googleapis.com:443 "GET /maps/api/geocode/json?address=Casa+Ria+Apartment%2C+Jalan+Desa+10%2F2%2C+Bandar+Country+Homes%2C+48000+Rawang%2C+Selangor&key=AIzaSyCFnR_9wkfFiy0Xui-qf4tXXe3T5aQ0yZk HTTP/1.1" 200 None
20230523 14:44:57.657 - DEBUG - Converted retries value: 2 -> Retry(total=2, connect=None, read=None, redirect=None, status=None)
20230523 14:44:57.658 - DEBUG - Converted retries value: 2 -> Retry(total=2, connect=None, read=None, redirect=None, status=None)
20230523 14:44:57.727 - DEBUG - https://maps.googleapis.com:443 "GET /maps/api/geocode/json?address=3rd+Floor%2C+Block+E%2C+Sri+Ehsan+Apartment%2C+Jalan+7%2C+Taman+Sri+Ehsan%2C+Kepong+52100%2C+Kuala+Lumpur&key=AIzaSyCFnR_9wkfFiy0Xui-qf4tXXe3T5aQ0yZk HTTP/1.1" 200 None
20230523 14:44:57.732 - DEBUG - Converted retries value: 2 -> Retry(total=2, connect=None, read=None, redirect=None, status=None)
20230523 14:44:57.732 - DEBUG - Converted retries value: 2 -> Retry(total=2, connect=None, read=None, redirect=None, status=None)
20230523 14:44:57.822 - DEBUG - https://maps.googleapis.com:443 "GET /maps/api/geocode/json?address=Block+G%2C+Desa+Perangsang+Block+F+%26+G%2C+Jalan+PJS+3%2F56%2C+Taman+Desa+Perangsang%2C+46150+Petaling+Jaya%2C+Selangor&key=AIzaSyCFnR_9wkfFiy0Xui-qf4tXXe3T5aQ0yZk HTTP/1.1" 200 None
20230523 14:44:57.823 - DEBUG - Converted retries value: 2 -> Retry(total=2, connect=None, read=None, redirect=None, status=None)
20230523 14:44:57.823 - DEBUG - Converted retries value: 2 -> Retry(total=2, connect=None, read=None, redirect=None, status=None)
20230523 14:44:57.896 - DEBUG - https://maps.googleapis.com:443 "GET /maps/api/geocode/json?address=Block+3%2C+Pangsapuri+Puteri%2C+Seksyen+17%2C+Jalan+Mat+Raji%2C+40200+Shah+Alam%2C+Selangor&key=AIzaSyCFnR_9wkfFiy0Xui-qf4tXXe3T5aQ0yZk HTTP/1.1" 200 None
20230523 14:44:57.899 - DEBUG - Converted retries value: 2 -> Retry(total=2, connect=None, read=None, redirect=None, status=None)
20230523 14:44:57.900 - DEBUG - Converted retries value: 2 -> Retry(total=2, connect=None, read=None, redirect=None, status=None)
20230523 14:44:57.959 - DEBUG - https://maps.googleapis.com:443 "GET /maps/api/geocode/json?address=Jalan+7%2F40%2C+Taman+Pusat+Kepong%2C+52100%2C+Kuala+Lumpur&key=AIzaSyCFnR_9wkfFiy0Xui-qf4tXXe3T5aQ0yZk HTTP/1.1" 200 None
20230523 14:44:57.962 - DEBUG - Converted retries value: 2 -> Retry(total=2, connect=None, read=None, redirect=None, status=None)
20230523 14:44:57.963 - DEBUG - Converted retries value: 2 -> Retry(total=2, connect=None, read=None, redirect=None, status=None)
20230523 14:44:58.051 - DEBUG - https://maps.googleapis.com:443 "GET /maps/api/geocode/json?address=Sri+Gotong+Apartment%2C+Jalan+Batu+7%2C+Medan+Batu+Caves%2C+68100+Batu+Caves%2C+Selangor&key=AIzaSyCFnR_9wkfFiy0Xui-qf4tXXe3T5aQ0yZk HTTP/1.1" 200 None
20230523 14:44:58.053 - DEBUG - Converted retries value: 2 -> Retry(total=2, connect=None, read=None, redirect=None, status=None)
20230523 14:44:58.053 - DEBUG - Converted retries value: 2 -> Retry(total=2, connect=None, read=None, redirect=None, status=None)
20230523 14:44:58.120 - DEBUG - https://maps.googleapis.com:443 "GET /maps/api/geocode/json?address=Pangsapuri+Selangorku+Tiara+South%2C+Jalan+Tiara+South+6%2C+Tiara+South%2C+43500+Semenyih%2C+Selangor&key=AIzaSyCFnR_9wkfFiy0Xui-qf4tXXe3T5aQ0yZk HTTP/1.1" 200 None
20230523 14:44:58.123 - DEBUG - Converted retries value: 2 -> Retry(total=2, connect=None, read=None, redirect=None, status=None)
20230523 14:44:58.124 - DEBUG - Converted retries value: 2 -> Retry(total=2, connect=None, read=None, redirect=None, status=None)
20230523 14:44:58.231 - DEBUG - https://maps.googleapis.com:443 "GET /maps/api/geocode/json?address=Taman+Setia+Balakong%2C+43300+Seri+Kembangan%2C+Selangor&key=AIzaSyCFnR_9wkfFiy0Xui-qf4tXXe3T5aQ0yZk HTTP/1.1" 200 None
20230523 14:44:58.233 - DEBUG - Converted retries value: 2 -> Retry(total=2, connect=None, read=None, redirect=None, status=None)
20230523 14:44:58.233 - DEBUG - Converted retries value: 2 -> Retry(total=2, connect=None, read=None, redirect=None, status=None)
20230523 14:44:58.271 - DEBUG - https://maps.googleapis.com:443 "GET /maps/api/geocode/json?address=Block+A%2C+Jalan+Tasik+Selatan+30%2C+Bandar+Tasik+Selatan%2C+57000%2C+Kuala+Lumpur&key=AIzaSyCFnR_9wkfFiy0Xui-qf4tXXe3T5aQ0yZk HTTP/1.1" 200 None
20230523 14:44:58.276 - DEBUG - Converted retries value: 2 -> Retry(total=2, connect=None, read=None, redirect=None, status=None)
20230523 14:44:58.277 - DEBUG - Converted retries value: 2 -> Retry(total=2, connect=None, read=None, redirect=None, status=None)
20230523 14:44:58.379 - DEBUG - https://maps.googleapis.com:443 "GET /maps/api/geocode/json?address=Blok+E1%2C+Jalan+Taman+Melati%2C+Taman+Melati+53100%2C+Kuala+Lumpur&key=AIzaSyCFnR_9wkfFiy0Xui-qf4tXXe3T5aQ0yZk HTTP/1.1" 200 None
20230523 14:44:58.382 - DEBUG - Converted retries value: 2 -> Retry(total=2, connect=None, read=None, redirect=None, status=None)
20230523 14:44:58.382 - DEBUG - Converted retries value: 2 -> Retry(total=2, connect=None, read=None, redirect=None, status=None)
20230523 14:44:58.440 - DEBUG - https://maps.googleapis.com:443 "GET /maps/api/geocode/json?address=Block+B%2C+Pangsapuri+Sri+Cempaka%2C+47100+Bandar+Puchong+Jaya%2C+Selangor&key=AIzaSyCFnR_9wkfFiy0Xui-qf4tXXe3T5aQ0yZk HTTP/1.1" 200 None
20230523 14:44:58.442 - DEBUG - Converted retries value: 2 -> Retry(total=2, connect=None, read=None, redirect=None, status=None)
20230523 14:44:58.442 - DEBUG - Converted retries value: 2 -> Retry(total=2, connect=None, read=None, redirect=None, status=None)
20230523 14:44:58.569 - DEBUG - https://maps.googleapis.com:443 "GET /maps/api/geocode/json?address=Jalan+Muhibbah+2%2C+Taman+Muhibbah%2C+Kelanang%2C+42700+Banting%2C+Selangor&key=AIzaSyCFnR_9wkfFiy0Xui-qf4tXXe3T5aQ0yZk HTTP/1.1" 200 None
20230523 14:44:58.571 - DEBUG - Converted retries value: 2 -> Retry(total=2, connect=None, read=None, redirect=None, status=None)
20230523 14:44:58.572 - DEBUG - Converted retries value: 2 -> Retry(total=2, connect=None, read=None, redirect=None, status=None)
20230523 14:44:58.645 - DEBUG - https://maps.googleapis.com:443 "GET /maps/api/geocode/json?address=Menara+Suria%2C+Jalan+Subang+Mas%2C+Taman+Subang+Mas%2C+47620+Subang+Jaya%2C+Selangor&key=AIzaSyCFnR_9wkfFiy0Xui-qf4tXXe3T5aQ0yZk HTTP/1.1" 200 None
20230523 14:44:58.648 - DEBUG - Converted retries value: 2 -> Retry(total=2, connect=None, read=None, redirect=None, status=None)
20230523 14:44:58.648 - DEBUG - Converted retries value: 2 -> Retry(total=2, connect=None, read=None, redirect=None, status=None)
20230523 14:44:58.772 - DEBUG - https://maps.googleapis.com:443 "GET /maps/api/geocode/json?address=Level+7%2C+Block+2%2C+Pangsapuri+Subang+Suria%2C+Jalan+Bintang+U5%2F33%2C+Seksyen+U5%2C+40150+Shah+Alam%2C+Selangor&key=AIzaSyCFnR_9wkfFiy0Xui-qf4tXXe3T5aQ0yZk HTTP/1.1" 200 None
20230523 14:44:58.774 - DEBUG - Converted retries value: 2 -> Retry(total=2, connect=None, read=None, redirect=None, status=None)
20230523 14:44:58.774 - DEBUG - Converted retries value: 2 -> Retry(total=2, connect=None, read=None, redirect=None, status=None)
20230523 14:44:58.844 - DEBUG - https://maps.googleapis.com:443 "GET /maps/api/geocode/json?address=Block+16%2C+Apartment+Desa+Tasik+Fasa+6B%2C+Jalan+2A%2F146%2C+Sungai+Besi+57000%2C+Kuala+Lumpur&key=AIzaSyCFnR_9wkfFiy0Xui-qf4tXXe3T5aQ0yZk HTTP/1.1" 200 None
20230523 14:44:58.846 - DEBUG - Converted retries value: 2 -> Retry(total=2, connect=None, read=None, redirect=None, status=None)
20230523 14:44:58.846 - DEBUG - Converted retries value: 2 -> Retry(total=2, connect=None, read=None, redirect=None, status=None)
20230523 14:44:58.901 - DEBUG - https://maps.googleapis.com:443 "GET /maps/api/geocode/json?address=PPR+Kerinchi%2C+Jalan+Pantai+Permai%2C+Pantai+Dalam%2C+59200%2C+Kuala+Lumpur&key=AIzaSyCFnR_9wkfFiy0Xui-qf4tXXe3T5aQ0yZk HTTP/1.1" 200 None
20230523 14:44:58.903 - DEBUG - Converted retries value: 2 -> Retry(total=2, connect=None, read=None, redirect=None, status=None)
20230523 14:44:58.904 - DEBUG - Converted retries value: 2 -> Retry(total=2, connect=None, read=None, redirect=None, status=None)
20230523 14:44:58.986 - DEBUG - https://maps.googleapis.com:443 "GET /maps/api/geocode/json?address=Menara+Geno%2C+Jalan+Subang+Mas%2C+Taman+Subang+Mas%2C+47620+Subang+Jaya%2C+Selangor&key=AIzaSyCFnR_9wkfFiy0Xui-qf4tXXe3T5aQ0yZk HTTP/1.1" 200 None
20230523 14:44:58.988 - DEBUG - Converted retries value: 2 -> Retry(total=2, connect=None, read=None, redirect=None, status=None)
20230523 14:44:58.989 - DEBUG - Converted retries value: 2 -> Retry(total=2, connect=None, read=None, redirect=None, status=None)
20230523 14:44:59.061 - DEBUG - https://maps.googleapis.com:443 "GET /maps/api/geocode/json?address=Block+C3%2C+Seksyen+2%2C+53300+Bandar+Baru+Wangsa+Maju%2C+Kuala+Lumpur&key=AIzaSyCFnR_9wkfFiy0Xui-qf4tXXe3T5aQ0yZk HTTP/1.1" 200 None
20230523 14:44:59.063 - DEBUG - Converted retries value: 2 -> Retry(total=2, connect=None, read=None, redirect=None, status=None)
20230523 14:44:59.064 - DEBUG - Converted retries value: 2 -> Retry(total=2, connect=None, read=None, redirect=None, status=None)
20230523 14:44:59.187 - DEBUG - https://maps.googleapis.com:443 "GET /maps/api/geocode/json?address=First+Floor%2C+SU+Mall%2C+Jalan+Bidara+8%2C+Taman+Saujana+Utama%2C+47000+Sungai+Buloh%2C+Selangor&key=AIzaSyCFnR_9wkfFiy0Xui-qf4tXXe3T5aQ0yZk HTTP/1.1" 200 None
20230523 14:44:59.189 - DEBUG - Converted retries value: 2 -> Retry(total=2, connect=None, read=None, redirect=None, status=None)
20230523 14:44:59.189 - DEBUG - Converted retries value: 2 -> Retry(total=2, connect=None, read=None, redirect=None, status=None)
20230523 14:44:59.298 - DEBUG - https://maps.googleapis.com:443 "GET /maps/api/geocode/json?address=Jalan+Kekwa+3%2C+Taman+Serendah+Makmur%2C+48200+Serendah%2C+Selangor&key=AIzaSyCFnR_9wkfFiy0Xui-qf4tXXe3T5aQ0yZk HTTP/1.1" 200 None
20230523 14:44:59.304 - DEBUG - Converted retries value: 2 -> Retry(total=2, connect=None, read=None, redirect=None, status=None)
20230523 14:44:59.305 - DEBUG - Converted retries value: 2 -> Retry(total=2, connect=None, read=None, redirect=None, status=None)
20230523 14:44:59.332 - DEBUG - https://maps.googleapis.com:443 "GET /maps/api/geocode/json?address=Kondominium+Sri+Angsana+Hilir%2C+Taman+Sri+Angsana+Hilir%2C+68000+Ampang%2C+Selangor&key=AIzaSyCFnR_9wkfFiy0Xui-qf4tXXe3T5aQ0yZk HTTP/1.1" 200 None
20230523 14:44:59.334 - DEBUG - Converted retries value: 2 -> Retry(total=2, connect=None, read=None, redirect=None, status=None)
20230523 14:44:59.334 - DEBUG - Converted retries value: 2 -> Retry(total=2, connect=None, read=None, redirect=None, status=None)
20230523 14:44:59.359 - DEBUG - https://maps.googleapis.com:443 "GET /maps/api/geocode/json?address=Pertama+Complex%2C+Jalan+Tuanku+Abdul+Rahman%2C+50100%2C+Kuala+Lumpur&key=AIzaSyCFnR_9wkfFiy0Xui-qf4tXXe3T5aQ0yZk HTTP/1.1" 200 None
20230523 14:44:59.361 - DEBUG - Converted retries value: 2 -> Retry(total=2, connect=None, read=None, redirect=None, status=None)
20230523 14:44:59.361 - DEBUG - Converted retries value: 2 -> Retry(total=2, connect=None, read=None, redirect=None, status=None)
20230523 14:44:59.387 - DEBUG - https://maps.googleapis.com:443 "GET /maps/api/geocode/json?address=Pertama+Complex%2C+Jalan+Tuanku+Abdul+Rahman%2C+50100%2C+Kuala+Lumpur&key=AIzaSyCFnR_9wkfFiy0Xui-qf4tXXe3T5aQ0yZk HTTP/1.1" 200 None
20230523 14:44:59.388 - DEBUG - Converted retries value: 2 -> Retry(total=2, connect=None, read=None, redirect=None, status=None)
20230523 14:44:59.389 - DEBUG - Converted retries value: 2 -> Retry(total=2, connect=None, read=None, redirect=None, status=None)
20230523 14:44:59.462 - DEBUG - https://maps.googleapis.com:443 "GET /maps/api/geocode/json?address=Iris+Apartment%2C+Jalan+2%2F109C%2C+Taman+Abadi+Indah%2C+58100%2C+Kuala+Lumpur&key=AIzaSyCFnR_9wkfFiy0Xui-qf4tXXe3T5aQ0yZk HTTP/1.1" 200 None
20230523 14:44:59.464 - DEBUG - Converted retries value: 2 -> Retry(total=2, connect=None, read=None, redirect=None, status=None)
20230523 14:44:59.465 - DEBUG - Converted retries value: 2 -> Retry(total=2, connect=None, read=None, redirect=None, status=None)
20230523 14:44:59.558 - DEBUG - https://maps.googleapis.com:443 "GET /maps/api/geocode/json?address=Block+B10%2C+Seksyen+2%2C+Bandar+Baru+Wangsa+Maju%2C+53300+Setapak%2C+Kuala+Lumpur&key=AIzaSyCFnR_9wkfFiy0Xui-qf4tXXe3T5aQ0yZk HTTP/1.1" 200 None
20230523 14:44:59.560 - DEBUG - Converted retries value: 2 -> Retry(total=2, connect=None, read=None, redirect=None, status=None)
20230523 14:44:59.560 - DEBUG - Converted retries value: 2 -> Retry(total=2, connect=None, read=None, redirect=None, status=None)
20230523 14:44:59.613 - DEBUG - https://maps.googleapis.com:443 "GET /maps/api/geocode/json?address=Jalan+Keruing+6%2C+Taman+Keruing%2C+44200+Rasa%2C+Selangor&key=AIzaSyCFnR_9wkfFiy0Xui-qf4tXXe3T5aQ0yZk HTTP/1.1" 200 None
20230523 14:44:59.616 - DEBUG - Converted retries value: 2 -> Retry(total=2, connect=None, read=None, redirect=None, status=None)
20230523 14:44:59.616 - DEBUG - Converted retries value: 2 -> Retry(total=2, connect=None, read=None, redirect=None, status=None)
20230523 14:44:59.719 - DEBUG - https://maps.googleapis.com:443 "GET /maps/api/geocode/json?address=7th+Floor%2C+Pangsapuri+Putra+Ria%2C+Jalan+Pinggiran+Putra+31%2C+Seksyen+2%2C+Taman+Pinggiran+Putra%2C+43300+Seri+Kembangan%2C+Selangor&key=AIzaSyCFnR_9wkfFiy0Xui-qf4tXXe3T5aQ0yZk HTTP/1.1" 200 None
20230523 14:44:59.721 - DEBUG - Converted retries value: 2 -> Retry(total=2, connect=None, read=None, redirect=None, status=None)
20230523 14:44:59.721 - DEBUG - Converted retries value: 2 -> Retry(total=2, connect=None, read=None, redirect=None, status=None)
20230523 14:44:59.819 - DEBUG - https://maps.googleapis.com:443 "GET /maps/api/geocode/json?address=Kenangan+View+Apartment%2C+Jalan+Bukit+Kenangan%2C+Taman+Bukit+Kenangan%2C+43000+Kajang%2C+Selangor&key=AIzaSyCFnR_9wkfFiy0Xui-qf4tXXe3T5aQ0yZk HTTP/1.1" 200 None
20230523 14:44:59.821 - DEBUG - Converted retries value: 2 -> Retry(total=2, connect=None, read=None, redirect=None, status=None)
20230523 14:44:59.821 - DEBUG - Converted retries value: 2 -> Retry(total=2, connect=None, read=None, redirect=None, status=None)
20230523 14:44:59.907 - DEBUG - https://maps.googleapis.com:443 "GET /maps/api/geocode/json?address=Rose+Apartment%2C+Persiaran+Saujana+1%2C+Taman+Saujana+Utama%2C+47000+Sungai+Buloh%2C+Selangor&key=AIzaSyCFnR_9wkfFiy0Xui-qf4tXXe3T5aQ0yZk HTTP/1.1" 200 None
20230523 14:44:59.912 - DEBUG - Converted retries value: 2 -> Retry(total=2, connect=None, read=None, redirect=None, status=None)
20230523 14:44:59.913 - DEBUG - Converted retries value: 2 -> Retry(total=2, connect=None, read=None, redirect=None, status=None)
20230523 14:44:59.983 - DEBUG - https://maps.googleapis.com:443 "GET /maps/api/geocode/json?address=Pangsapuri+Puchong+Permata%2C+Jalan+Permai+4%2C+Taman+Puchong+Permai%2C+47100+Puchong%2C+Selangor&key=AIzaSyCFnR_9wkfFiy0Xui-qf4tXXe3T5aQ0yZk HTTP/1.1" 200 None
20230523 14:44:59.989 - DEBUG - Converted retries value: 2 -> Retry(total=2, connect=None, read=None, redirect=None, status=None)
20230523 14:44:59.990 - DEBUG - Converted retries value: 2 -> Retry(total=2, connect=None, read=None, redirect=None, status=None)
20230523 14:45:00.125 - DEBUG - https://maps.googleapis.com:443 "GET /maps/api/geocode/json?address=6th+Floor%2C+Block+5%2C+Greenview+Apartment%2C+Jalan+2%2F40%2C+Taman+Pusat+Kepong%2C+52000%2C+Kuala+Lumpur&key=AIzaSyCFnR_9wkfFiy0Xui-qf4tXXe3T5aQ0yZk HTTP/1.1" 200 None
20230523 14:45:00.128 - DEBUG - Converted retries value: 2 -> Retry(total=2, connect=None, read=None, redirect=None, status=None)
20230523 14:45:00.128 - DEBUG - Converted retries value: 2 -> Retry(total=2, connect=None, read=None, redirect=None, status=None)
20230523 14:45:00.198 - DEBUG - https://maps.googleapis.com:443 "GET /maps/api/geocode/json?address=Jalan+Wira+7%2C+Taman+Perwira%2C+42500+Telok+Panglima+Garang%2C+Selangor&key=AIzaSyCFnR_9wkfFiy0Xui-qf4tXXe3T5aQ0yZk HTTP/1.1" 200 None
20230523 14:45:00.199 - DEBUG - Converted retries value: 2 -> Retry(total=2, connect=None, read=None, redirect=None, status=None)
20230523 14:45:00.200 - DEBUG - Converted retries value: 2 -> Retry(total=2, connect=None, read=None, redirect=None, status=None)
20230523 14:45:00.268 - DEBUG - https://maps.googleapis.com:443 "GET /maps/api/geocode/json?address=Pangsapuri+Perdana%2C+Jalan+Lompat+Pagar+13%2F37%2C+Section+13%2C+40100+Shah+Alam%2C+Selangor&key=AIzaSyCFnR_9wkfFiy0Xui-qf4tXXe3T5aQ0yZk HTTP/1.1" 200 None
20230523 14:45:00.270 - DEBUG - Converted retries value: 2 -> Retry(total=2, connect=None, read=None, redirect=None, status=None)
20230523 14:45:00.271 - DEBUG - Converted retries value: 2 -> Retry(total=2, connect=None, read=None, redirect=None, status=None)
20230523 14:45:00.348 - DEBUG - https://maps.googleapis.com:443 "GET /maps/api/geocode/json?address=Apartment+Impian+Kota%2C+Jalan+1%2F78A%2C+Off+Jalan+Kampung+Attap%2C+50450%2C+Kuala+Lumpur&key=AIzaSyCFnR_9wkfFiy0Xui-qf4tXXe3T5aQ0yZk HTTP/1.1" 200 None
20230523 14:45:00.353 - DEBUG - Converted retries value: 2 -> Retry(total=2, connect=None, read=None, redirect=None, status=None)
20230523 14:45:00.354 - DEBUG - Converted retries value: 2 -> Retry(total=2, connect=None, read=None, redirect=None, status=None)
20230523 14:45:00.432 - DEBUG - https://maps.googleapis.com:443 "GET /maps/api/geocode/json?address=Flexis+One+South%2C+Jalan+OS+2%2C+Taman+Serdang+Perdana%2C+Seksyen+6%2C+43300+Seri+Kembangan%2C+Selangor&key=AIzaSyCFnR_9wkfFiy0Xui-qf4tXXe3T5aQ0yZk HTTP/1.1" 200 None
20230523 14:45:00.433 - DEBUG - Converted retries value: 2 -> Retry(total=2, connect=None, read=None, redirect=None, status=None)
20230523 14:45:00.434 - DEBUG - Converted retries value: 2 -> Retry(total=2, connect=None, read=None, redirect=None, status=None)
20230523 14:45:00.483 - DEBUG - https://maps.googleapis.com:443 "GET /maps/api/geocode/json?address=Block+F2%2C+Tamarind+Suites%2C+Persiaran+Multimedia%2C+Cyber+10%2C+63000+Cyberjaya%2C+Selangor&key=AIzaSyCFnR_9wkfFiy0Xui-qf4tXXe3T5aQ0yZk HTTP/1.1" 200 None
20230523 14:45:00.486 - DEBUG - Converted retries value: 2 -> Retry(total=2, connect=None, read=None, redirect=None, status=None)
20230523 14:45:00.486 - DEBUG - Converted retries value: 2 -> Retry(total=2, connect=None, read=None, redirect=None, status=None)
20230523 14:45:00.598 - DEBUG - https://maps.googleapis.com:443 "GET /maps/api/geocode/json?address=8th+Floor%2C+Block+21%2C+Jalan+6%2F112A%2C+Off+Jalan+Pantai+Dalam%2C+Taman+Bukit+Angkasa%2C+59200%2C+Kuala+Lumpur&key=AIzaSyCFnR_9wkfFiy0Xui-qf4tXXe3T5aQ0yZk HTTP/1.1" 200 None
20230523 14:45:00.599 - DEBUG - Converted retries value: 2 -> Retry(total=2, connect=None, read=None, redirect=None, status=None)
20230523 14:45:00.600 - DEBUG - Converted retries value: 2 -> Retry(total=2, connect=None, read=None, redirect=None, status=None)
20230523 14:45:00.645 - DEBUG - https://maps.googleapis.com:443 "GET /maps/api/geocode/json?address=Menara+Solstice+1%2C+Persiaran+Bestari%2C+Cyber+11%2C+63000+Cyberjaya%2C+Selangor&key=AIzaSyCFnR_9wkfFiy0Xui-qf4tXXe3T5aQ0yZk HTTP/1.1" 200 None
20230523 14:45:00.647 - DEBUG - Converted retries value: 2 -> Retry(total=2, connect=None, read=None, redirect=None, status=None)
20230523 14:45:00.647 - DEBUG - Converted retries value: 2 -> Retry(total=2, connect=None, read=None, redirect=None, status=None)
20230523 14:45:00.760 - DEBUG - https://maps.googleapis.com:443 "GET /maps/api/geocode/json?address=Block+C%2C+Residensi+Amara%2C+Jalan+Raintree+Utama%2C+Taman+Raintree%2C+68100+Batu+Caves%2C+Selangor&key=AIzaSyCFnR_9wkfFiy0Xui-qf4tXXe3T5aQ0yZk HTTP/1.1" 200 None
20230523 14:45:00.766 - DEBUG - Converted retries value: 2 -> Retry(total=2, connect=None, read=None, redirect=None, status=None)
20230523 14:45:00.767 - DEBUG - Converted retries value: 2 -> Retry(total=2, connect=None, read=None, redirect=None, status=None)
20230523 14:45:00.850 - DEBUG - https://maps.googleapis.com:443 "GET /maps/api/geocode/json?address=Block+M01%2C+Pangsapuri+Camellia+%28D%27Camellia%29%2C+Jalan+Ecohill+1%2F2%2C+Setia+Ecohill%2C+43500+Semenyih%2C+Selangor&key=AIzaSyCFnR_9wkfFiy0Xui-qf4tXXe3T5aQ0yZk HTTP/1.1" 200 None
20230523 14:45:00.852 - DEBUG - Converted retries value: 2 -> Retry(total=2, connect=None, read=None, redirect=None, status=None)
20230523 14:45:00.852 - DEBUG - Converted retries value: 2 -> Retry(total=2, connect=None, read=None, redirect=None, status=None)
20230523 14:45:00.990 - DEBUG - https://maps.googleapis.com:443 "GET /maps/api/geocode/json?address=Jalan+3%2F101C%2C+Cheras+Business+Centre%2C+Jalan+Cheras%2C+56100+Cheras%2C+Kuala+Lumpur&key=AIzaSyCFnR_9wkfFiy0Xui-qf4tXXe3T5aQ0yZk HTTP/1.1" 200 None
20230523 14:45:00.992 - DEBUG - Converted retries value: 2 -> Retry(total=2, connect=None, read=None, redirect=None, status=None)
20230523 14:45:00.992 - DEBUG - Converted retries value: 2 -> Retry(total=2, connect=None, read=None, redirect=None, status=None)
20230523 14:45:01.015 - DEBUG - https://maps.googleapis.com:443 "GET /maps/api/geocode/json?address=Casa+Ria+Apartment%2C+Jalan+Desa+10%2F2%2C+Bandar+Country+Homes%2C+48000+Rawang%2C+Selangor&key=AIzaSyCFnR_9wkfFiy0Xui-qf4tXXe3T5aQ0yZk HTTP/1.1" 200 None
20230523 14:45:01.017 - DEBUG - Converted retries value: 2 -> Retry(total=2, connect=None, read=None, redirect=None, status=None)
20230523 14:45:01.018 - DEBUG - Converted retries value: 2 -> Retry(total=2, connect=None, read=None, redirect=None, status=None)
20230523 14:45:01.096 - DEBUG - https://maps.googleapis.com:443 "GET /maps/api/geocode/json?address=Pangsapuri+Seroja%2C+Jalan+Setia+Murni+U13%2F50%2C+Setia+Alam%2C+40170+Shah+Alam%2C+Selangor&key=AIzaSyCFnR_9wkfFiy0Xui-qf4tXXe3T5aQ0yZk HTTP/1.1" 200 None
20230523 14:45:01.099 - DEBUG - Converted retries value: 2 -> Retry(total=2, connect=None, read=None, redirect=None, status=None)
20230523 14:45:01.099 - DEBUG - Converted retries value: 2 -> Retry(total=2, connect=None, read=None, redirect=None, status=None)
20230523 14:45:01.153 - DEBUG - https://maps.googleapis.com:443 "GET /maps/api/geocode/json?address=Block+A%2C+Kompleks+Suria+Kinrara%2C+Persiaran+Kinrara+Seksyen+3%2C+47100+Puchong%2C+Selangor&key=AIzaSyCFnR_9wkfFiy0Xui-qf4tXXe3T5aQ0yZk HTTP/1.1" 200 None
20230523 14:45:01.155 - DEBUG - Converted retries value: 2 -> Retry(total=2, connect=None, read=None, redirect=None, status=None)
20230523 14:45:01.155 - DEBUG - Converted retries value: 2 -> Retry(total=2, connect=None, read=None, redirect=None, status=None)
20230523 14:45:01.244 - DEBUG - https://maps.googleapis.com:443 "GET /maps/api/geocode/json?address=10th+Floor%2C+Block+A%2C+Pangsapuri+Kemuning+Idaman%2C+Persiaran+Kemuning+Damai%2C+Seksyen+32%2C+40460+Shah+Alam%2C+Selangor&key=AIzaSyCFnR_9wkfFiy0Xui-qf4tXXe3T5aQ0yZk HTTP/1.1" 200 None
20230523 14:45:01.250 - DEBUG - Converted retries value: 2 -> Retry(total=2, connect=None, read=None, redirect=None, status=None)
20230523 14:45:01.251 - DEBUG - Converted retries value: 2 -> Retry(total=2, connect=None, read=None, redirect=None, status=None)
20230523 14:45:01.320 - DEBUG - https://maps.googleapis.com:443 "GET /maps/api/geocode/json?address=Block+60%2C+Pangsaria+Petaling+Condominium%2C+Jalan+1%2F125E%2C+57000+Desa+Petaling%2C+Kuala+Lumpur&key=AIzaSyCFnR_9wkfFiy0Xui-qf4tXXe3T5aQ0yZk HTTP/1.1" 200 None
20230523 14:45:01.322 - DEBUG - Converted retries value: 2 -> Retry(total=2, connect=None, read=None, redirect=None, status=None)
20230523 14:45:01.323 - DEBUG - Converted retries value: 2 -> Retry(total=2, connect=None, read=None, redirect=None, status=None)
20230523 14:45:01.431 - DEBUG - https://maps.googleapis.com:443 "GET /maps/api/geocode/json?address=Block+B%2C+Pangsapuri+Penaga+Mas%2C+Taman+Mas%2C+47130+Puchong%2C+Selangor&key=AIzaSyCFnR_9wkfFiy0Xui-qf4tXXe3T5aQ0yZk HTTP/1.1" 200 None
20230523 14:45:01.433 - DEBUG - Converted retries value: 2 -> Retry(total=2, connect=None, read=None, redirect=None, status=None)
20230523 14:45:01.433 - DEBUG - Converted retries value: 2 -> Retry(total=2, connect=None, read=None, redirect=None, status=None)
20230523 14:45:01.500 - DEBUG - https://maps.googleapis.com:443 "GET /maps/api/geocode/json?address=Jalan+Sri+Rawang+1%2C+Taman+Sri+Rawang%2C+48000+Rawang%2C+Selangor&key=AIzaSyCFnR_9wkfFiy0Xui-qf4tXXe3T5aQ0yZk HTTP/1.1" 200 None
20230523 14:45:01.502 - DEBUG - Converted retries value: 2 -> Retry(total=2, connect=None, read=None, redirect=None, status=None)
20230523 14:45:01.503 - DEBUG - Converted retries value: 2 -> Retry(total=2, connect=None, read=None, redirect=None, status=None)
20230523 14:45:01.589 - DEBUG - https://maps.googleapis.com:443 "GET /maps/api/geocode/json?address=Tingkat+Bawah%2C+Block+68%2C+Rumah+Pangsa+%28Kos+Sederhana%29%2C+Seksyen+24%2C+40300+Shah+Alam%2C+Selangor&key=AIzaSyCFnR_9wkfFiy0Xui-qf4tXXe3T5aQ0yZk HTTP/1.1" 200 None
20230523 14:45:01.591 - DEBUG - Converted retries value: 2 -> Retry(total=2, connect=None, read=None, redirect=None, status=None)
20230523 14:45:01.592 - DEBUG - Converted retries value: 2 -> Retry(total=2, connect=None, read=None, redirect=None, status=None)
20230523 14:45:01.733 - DEBUG - https://maps.googleapis.com:443 "GET /maps/api/geocode/json?address=Jalan+Suria+Indah+7%2C+Taman+Suria+Indah%2C+45500+Tanjung+Karang%2C+Selangor&key=AIzaSyCFnR_9wkfFiy0Xui-qf4tXXe3T5aQ0yZk HTTP/1.1" 200 None
20230523 14:45:01.735 - DEBUG - Converted retries value: 2 -> Retry(total=2, connect=None, read=None, redirect=None, status=None)
20230523 14:45:01.736 - DEBUG - Converted retries value: 2 -> Retry(total=2, connect=None, read=None, redirect=None, status=None)
20230523 14:45:01.787 - DEBUG - https://maps.googleapis.com:443 "GET /maps/api/geocode/json?address=11th+Floor%2C+Block+A%2C+Tiara+Imperio%2C+Jalan+Ilmiah+1%2C+43000+Kajang%2C+Selangor&key=AIzaSyCFnR_9wkfFiy0Xui-qf4tXXe3T5aQ0yZk HTTP/1.1" 200 None
20230523 14:45:01.789 - DEBUG - Converted retries value: 2 -> Retry(total=2, connect=None, read=None, redirect=None, status=None)
20230523 14:45:01.789 - DEBUG - Converted retries value: 2 -> Retry(total=2, connect=None, read=None, redirect=None, status=None)
20230523 14:45:01.860 - DEBUG - https://maps.googleapis.com:443 "GET /maps/api/geocode/json?address=Koi+Legian%2C+Taman+Kinrara%2C+Seksyen+5%2C+Batu+8%2C+Jalan+Puchong%2C+47100+Puchong%2C+Selangor&key=AIzaSyCFnR_9wkfFiy0Xui-qf4tXXe3T5aQ0yZk HTTP/1.1" 200 None
20230523 14:45:01.861 - DEBUG - Converted retries value: 2 -> Retry(total=2, connect=None, read=None, redirect=None, status=None)
20230523 14:45:01.862 - DEBUG - Converted retries value: 2 -> Retry(total=2, connect=None, read=None, redirect=None, status=None)
20230523 14:45:01.986 - DEBUG - https://maps.googleapis.com:443 "GET /maps/api/geocode/json?address=Block+B%2C+Pangsapuri+Vista+Pinggiran%2C+Jalan+Pinggiran+Putra+1%2C+Seksyen+2%2C+Taman+Pinggiran+Putra%2C+43300+Seri+Kembangan%2C+Selangor&key=AIzaSyCFnR_9wkfFiy0Xui-qf4tXXe3T5aQ0yZk HTTP/1.1" 200 None
20230523 14:45:01.988 - DEBUG - Converted retries value: 2 -> Retry(total=2, connect=None, read=None, redirect=None, status=None)
20230523 14:45:01.989 - DEBUG - Converted retries value: 2 -> Retry(total=2, connect=None, read=None, redirect=None, status=None)
20230523 14:45:02.064 - DEBUG - https://maps.googleapis.com:443 "GET /maps/api/geocode/json?address=Pangsapuri+Villamas%2C+Jalan+Muhibbah%2FKU3%2C+Sungai+Pinang%2C+42100+Klang%2C+Selangor&key=AIzaSyCFnR_9wkfFiy0Xui-qf4tXXe3T5aQ0yZk HTTP/1.1" 200 None
20230523 14:45:02.070 - DEBUG - Converted retries value: 2 -> Retry(total=2, connect=None, read=None, redirect=None, status=None)
20230523 14:45:02.070 - DEBUG - Converted retries value: 2 -> Retry(total=2, connect=None, read=None, redirect=None, status=None)
20230523 14:45:02.200 - DEBUG - https://maps.googleapis.com:443 "GET /maps/api/geocode/json?address=Jalan+Cengal+5%2F3%2C+Taman+Malawati+Jaya%2C+45000+Kuala+Selangor%2C+Selangor&key=AIzaSyCFnR_9wkfFiy0Xui-qf4tXXe3T5aQ0yZk HTTP/1.1" 200 None
20230523 14:45:02.203 - DEBUG - Converted retries value: 2 -> Retry(total=2, connect=None, read=None, redirect=None, status=None)
20230523 14:45:02.204 - DEBUG - Converted retries value: 2 -> Retry(total=2, connect=None, read=None, redirect=None, status=None)
20230523 14:45:02.333 - DEBUG - https://maps.googleapis.com:443 "GET /maps/api/geocode/json?address=Menara+Atlas%2C+Bangsar+Trade+Centre+%28Plaza+Pantai%29%2C+No.+5%2C+Jalan+4%2F83A%2C+Off+Jalan+Pantai+Baru%2C+59200%2C+Kuala+Lumpur&key=AIzaSyCFnR_9wkfFiy0Xui-qf4tXXe3T5aQ0yZk HTTP/1.1" 200 None
20230523 14:45:02.335 - DEBUG - Converted retries value: 2 -> Retry(total=2, connect=None, read=None, redirect=None, status=None)
20230523 14:45:02.335 - DEBUG - Converted retries value: 2 -> Retry(total=2, connect=None, read=None, redirect=None, status=None)
20230523 14:45:02.431 - DEBUG - https://maps.googleapis.com:443 "GET /maps/api/geocode/json?address=Tower+3%2C+Sky+Park+%40+Cyberjaya%2C+Jalan+Teknorat+1%2C+Cyber+3%2C+63000+Cyberjaya%2C+Selangor&key=AIzaSyCFnR_9wkfFiy0Xui-qf4tXXe3T5aQ0yZk HTTP/1.1" 200 None
20230523 14:45:02.433 - DEBUG - Converted retries value: 2 -> Retry(total=2, connect=None, read=None, redirect=None, status=None)
20230523 14:45:02.433 - DEBUG - Converted retries value: 2 -> Retry(total=2, connect=None, read=None, redirect=None, status=None)
20230523 14:45:02.562 - DEBUG - https://maps.googleapis.com:443 "GET /maps/api/geocode/json?address=Rumah+Pangsa+Sri+Saujana%2C+Jalan+SP+4%2F2%2C+Bandar+Saujana+Putra%2C+42610+Jenjarom%2C+Kuala+Langat%2C+Selangor&key=AIzaSyCFnR_9wkfFiy0Xui-qf4tXXe3T5aQ0yZk HTTP/1.1" 200 None
20230523 14:45:02.565 - DEBUG - Converted retries value: 2 -> Retry(total=2, connect=None, read=None, redirect=None, status=None)
20230523 14:45:02.565 - DEBUG - Converted retries value: 2 -> Retry(total=2, connect=None, read=None, redirect=None, status=None)
20230523 14:45:02.642 - DEBUG - https://maps.googleapis.com:443 "GET /maps/api/geocode/json?address=Block+F11%2C+Jalan+3%2F27A%2C+Seksyen+1%2C+Bandar+Wangsa+Maju%2C+53300%2C+Kuala+Lumpur&key=AIzaSyCFnR_9wkfFiy0Xui-qf4tXXe3T5aQ0yZk HTTP/1.1" 200 None
20230523 14:45:02.644 - DEBUG - Converted retries value: 2 -> Retry(total=2, connect=None, read=None, redirect=None, status=None)
20230523 14:45:02.644 - DEBUG - Converted retries value: 2 -> Retry(total=2, connect=None, read=None, redirect=None, status=None)
20230523 14:45:02.740 - DEBUG - https://maps.googleapis.com:443 "GET /maps/api/geocode/json?address=Soho+Kiub%2C+Jalan+Os%2C+One+South%2C+Seksyen+6%2C+Serdang+Perdana%2C+43300+Seri+Kembangan%2C+Selangor&key=AIzaSyCFnR_9wkfFiy0Xui-qf4tXXe3T5aQ0yZk HTTP/1.1" 200 None
20230523 14:45:02.742 - DEBUG - Converted retries value: 2 -> Retry(total=2, connect=None, read=None, redirect=None, status=None)
20230523 14:45:02.743 - DEBUG - Converted retries value: 2 -> Retry(total=2, connect=None, read=None, redirect=None, status=None)
20230523 14:45:02.829 - DEBUG - https://maps.googleapis.com:443 "GET /maps/api/geocode/json?address=Kondominium+Sri+Hijau%2C+Jalan+Permaisuri+1%2F6%2C+Seksyen+6%2C+Bandar+Mahkota+Cheras%2C+43000%2C+Kajang%2C+Selangor&key=AIzaSyCFnR_9wkfFiy0Xui-qf4tXXe3T5aQ0yZk HTTP/1.1" 200 None
20230523 14:45:02.830 - DEBUG - Converted retries value: 2 -> Retry(total=2, connect=None, read=None, redirect=None, status=None)
20230523 14:45:02.831 - DEBUG - Converted retries value: 2 -> Retry(total=2, connect=None, read=None, redirect=None, status=None)
20230523 14:45:02.897 - DEBUG - https://maps.googleapis.com:443 "GET /maps/api/geocode/json?address=Medan+Bukit+Indah+4%2C+Taman+Bukit+Indah%2C+68000+Ampang%2C+Selangor&key=AIzaSyCFnR_9wkfFiy0Xui-qf4tXXe3T5aQ0yZk HTTP/1.1" 200 None
20230523 14:45:02.899 - DEBUG - Converted retries value: 2 -> Retry(total=2, connect=None, read=None, redirect=None, status=None)
20230523 14:45:02.899 - DEBUG - Converted retries value: 2 -> Retry(total=2, connect=None, read=None, redirect=None, status=None)
20230523 14:45:03.025 - DEBUG - https://maps.googleapis.com:443 "GET /maps/api/geocode/json?address=Block+B%2C+Garden+Park+Condominium%2C+Jalan+SL+12%2C+Bandar+Sungai+Long%2C+43000+Kajang%2C+Selangor&key=AIzaSyCFnR_9wkfFiy0Xui-qf4tXXe3T5aQ0yZk HTTP/1.1" 200 None
20230523 14:45:03.027 - DEBUG - Converted retries value: 2 -> Retry(total=2, connect=None, read=None, redirect=None, status=None)
20230523 14:45:03.028 - DEBUG - Converted retries value: 2 -> Retry(total=2, connect=None, read=None, redirect=None, status=None)
20230523 14:45:03.095 - DEBUG - https://maps.googleapis.com:443 "GET /maps/api/geocode/json?address=Jalan+Sungai+Kapar+Indah+12%2C+Sungai+Kapar+Indah%2C+42209+Klang%2C+Selangor&key=AIzaSyCFnR_9wkfFiy0Xui-qf4tXXe3T5aQ0yZk HTTP/1.1" 200 None
20230523 14:45:03.098 - DEBUG - Converted retries value: 2 -> Retry(total=2, connect=None, read=None, redirect=None, status=None)
20230523 14:45:03.099 - DEBUG - Converted retries value: 2 -> Retry(total=2, connect=None, read=None, redirect=None, status=None)
20230523 14:45:03.197 - DEBUG - https://maps.googleapis.com:443 "GET /maps/api/geocode/json?address=Vista+Bangi%2C+Jalan+Reko%2C+43000%2C+Kajang%2C+Selangor&key=AIzaSyCFnR_9wkfFiy0Xui-qf4tXXe3T5aQ0yZk HTTP/1.1" 200 None
20230523 14:45:03.198 - DEBUG - Converted retries value: 2 -> Retry(total=2, connect=None, read=None, redirect=None, status=None)
20230523 14:45:03.198 - DEBUG - Converted retries value: 2 -> Retry(total=2, connect=None, read=None, redirect=None, status=None)
20230523 14:45:03.221 - DEBUG - https://maps.googleapis.com:443 "GET /maps/api/geocode/json?address=Cerrado+%28Block+A%29%2C+Southville+City%2C+43800+Dengkil%2C+Selangor&key=AIzaSyCFnR_9wkfFiy0Xui-qf4tXXe3T5aQ0yZk HTTP/1.1" 200 None
20230523 14:45:03.223 - DEBUG - Converted retries value: 2 -> Retry(total=2, connect=None, read=None, redirect=None, status=None)
20230523 14:45:03.223 - DEBUG - Converted retries value: 2 -> Retry(total=2, connect=None, read=None, redirect=None, status=None)
20230523 14:45:03.277 - DEBUG - https://maps.googleapis.com:443 "GET /maps/api/geocode/json?address=Block+11%2C+Jalan+Palong%2C+Taman+Miharja%2C+55200%2C+Kuala+Lumpur&key=AIzaSyCFnR_9wkfFiy0Xui-qf4tXXe3T5aQ0yZk HTTP/1.1" 200 None
20230523 14:45:03.278 - DEBUG - Converted retries value: 2 -> Retry(total=2, connect=None, read=None, redirect=None, status=None)
20230523 14:45:03.279 - DEBUG - Converted retries value: 2 -> Retry(total=2, connect=None, read=None, redirect=None, status=None)
20230523 14:45:03.332 - DEBUG - https://maps.googleapis.com:443 "GET /maps/api/geocode/json?address=Block+21%2C+Jalan+Palong%2C+Taman+Miharja%2C+55200%2C+Kuala+Lumpur&key=AIzaSyCFnR_9wkfFiy0Xui-qf4tXXe3T5aQ0yZk HTTP/1.1" 200 None
20230523 14:45:03.334 - DEBUG - Converted retries value: 2 -> Retry(total=2, connect=None, read=None, redirect=None, status=None)
20230523 14:45:03.335 - DEBUG - Converted retries value: 2 -> Retry(total=2, connect=None, read=None, redirect=None, status=None)
20230523 14:45:03.453 - DEBUG - https://maps.googleapis.com:443 "GET /maps/api/geocode/json?address=Kristal+Villa%2C+Jalan+Kajang+Villa+%28Jalan+Kajang+Villa+3%29%2C+Taman+Kajang+Villa%2C+43000+Bangi+%2843000+Kajang%29%2C+Selangor&key=AIzaSyCFnR_9wkfFiy0Xui-qf4tXXe3T5aQ0yZk HTTP/1.1" 200 None
20230523 14:45:03.455 - DEBUG - Converted retries value: 2 -> Retry(total=2, connect=None, read=None, redirect=None, status=None)
20230523 14:45:03.456 - DEBUG - Converted retries value: 2 -> Retry(total=2, connect=None, read=None, redirect=None, status=None)
20230523 14:45:03.523 - DEBUG - https://maps.googleapis.com:443 "GET /maps/api/geocode/json?address=Aman+Satu+Apartment%2C+Desa+Aman+Puri%2C+52100+Kepong%2C+Selangor&key=AIzaSyCFnR_9wkfFiy0Xui-qf4tXXe3T5aQ0yZk HTTP/1.1" 200 None
20230523 14:45:03.529 - DEBUG - Converted retries value: 2 -> Retry(total=2, connect=None, read=None, redirect=None, status=None)
20230523 14:45:03.530 - DEBUG - Converted retries value: 2 -> Retry(total=2, connect=None, read=None, redirect=None, status=None)
20230523 14:45:03.623 - DEBUG - https://maps.googleapis.com:443 "GET /maps/api/geocode/json?address=Block+E%2C+Perumahan+Pantai+Permai%2C+Jalan+Pantai+Permai%2C+Jalan+Pantai+Dalam%2C+59200%2C+Kuala+Lumpur&key=AIzaSyCFnR_9wkfFiy0Xui-qf4tXXe3T5aQ0yZk HTTP/1.1" 200 None
20230523 14:45:03.625 - DEBUG - Converted retries value: 2 -> Retry(total=2, connect=None, read=None, redirect=None, status=None)
20230523 14:45:03.625 - DEBUG - Converted retries value: 2 -> Retry(total=2, connect=None, read=None, redirect=None, status=None)
20230523 14:45:03.708 - DEBUG - https://maps.googleapis.com:443 "GET /maps/api/geocode/json?address=4th+Floor%2C+Block+1%2C+Megah+Court+Apartment%2C+Jalan+Kolam+Air%2C+Off+Jalan+Ipoh%2C+51200%2C+Kuala+Lumpur&key=AIzaSyCFnR_9wkfFiy0Xui-qf4tXXe3T5aQ0yZk HTTP/1.1" 200 None
20230523 14:45:03.710 - DEBUG - Converted retries value: 2 -> Retry(total=2, connect=None, read=None, redirect=None, status=None)
20230523 14:45:03.711 - DEBUG - Converted retries value: 2 -> Retry(total=2, connect=None, read=None, redirect=None, status=None)
20230523 14:45:03.799 - DEBUG - https://maps.googleapis.com:443 "GET /maps/api/geocode/json?address=Jalan+Suria+1A%2F4%2C+Bandar+Mahkota+Banting%2C+42700+Banting%2C+Selangor&key=AIzaSyCFnR_9wkfFiy0Xui-qf4tXXe3T5aQ0yZk HTTP/1.1" 200 None
20230523 14:45:03.801 - DEBUG - Converted retries value: 2 -> Retry(total=2, connect=None, read=None, redirect=None, status=None)
20230523 14:45:03.802 - DEBUG - Converted retries value: 2 -> Retry(total=2, connect=None, read=None, redirect=None, status=None)
20230523 14:45:03.833 - DEBUG - https://maps.googleapis.com:443 "GET /maps/api/geocode/json?address=Cova+Square%2C+Jalan+Teknologi%2C+Kota+Damansara%2C+PJU+5%2C+47810+Petaling+Jaya%2C+Selangor&key=AIzaSyCFnR_9wkfFiy0Xui-qf4tXXe3T5aQ0yZk HTTP/1.1" 200 None
20230523 14:45:03.838 - DEBUG - Converted retries value: 2 -> Retry(total=2, connect=None, read=None, redirect=None, status=None)
20230523 14:45:03.839 - DEBUG - Converted retries value: 2 -> Retry(total=2, connect=None, read=None, redirect=None, status=None)
20230523 14:45:03.939 - DEBUG - https://maps.googleapis.com:443 "GET /maps/api/geocode/json?address=Menara+RA%2C+No.+18%2C+Jalan+Dataran+SD+2%2C+Dataran+SD%2C+PJU+9%2C+Bandar+Sri+Damansara%2C+52200%2C+Kuala+Lumpur&key=AIzaSyCFnR_9wkfFiy0Xui-qf4tXXe3T5aQ0yZk HTTP/1.1" 200 None
20230523 14:45:03.940 - DEBUG - Converted retries value: 2 -> Retry(total=2, connect=None, read=None, redirect=None, status=None)
20230523 14:45:03.941 - DEBUG - Converted retries value: 2 -> Retry(total=2, connect=None, read=None, redirect=None, status=None)
20230523 14:45:04.009 - DEBUG - https://maps.googleapis.com:443 "GET /maps/api/geocode/json?address=Tower+1%2C+Third+Avenue%2C+Jalan+Teknokrat+3%2C+Cyber+4%2C+63000+Cyberjaya%2C+Selangor&key=AIzaSyCFnR_9wkfFiy0Xui-qf4tXXe3T5aQ0yZk HTTP/1.1" 200 None
20230523 14:45:04.023 - DEBUG - Converted retries value: 2 -> Retry(total=2, connect=None, read=None, redirect=None, status=None)
20230523 14:45:04.023 - DEBUG - Converted retries value: 2 -> Retry(total=2, connect=None, read=None, redirect=None, status=None)
20230523 14:45:04.045 - DEBUG - https://maps.googleapis.com:443 "GET /maps/api/geocode/json?address=16th+Floor%2C+Avenue+Crest%2C+No.+2A%2C+Jalan+Jubli+Perak+22%2F1%2C+Seksyen+22%2C+40300+Shah+Alam%2C+Selangor&key=AIzaSyCFnR_9wkfFiy0Xui-qf4tXXe3T5aQ0yZk HTTP/1.1" 200 None
20230523 14:45:04.048 - DEBUG - Converted retries value: 2 -> Retry(total=2, connect=None, read=None, redirect=None, status=None)
20230523 14:45:04.048 - DEBUG - Converted retries value: 2 -> Retry(total=2, connect=None, read=None, redirect=None, status=None)
20230523 14:45:04.149 - DEBUG - https://maps.googleapis.com:443 "GET /maps/api/geocode/json?address=Pangsapuri+Sri+Puteri%2C+Jalan+Ukay+Perdana+2%2F1%2C+Taman+Ukay+Perdana%2C+68000+Ampang%2C+Selangor&key=AIzaSyCFnR_9wkfFiy0Xui-qf4tXXe3T5aQ0yZk HTTP/1.1" 200 None
20230523 14:45:04.152 - DEBUG - Converted retries value: 2 -> Retry(total=2, connect=None, read=None, redirect=None, status=None)
20230523 14:45:04.153 - DEBUG - Converted retries value: 2 -> Retry(total=2, connect=None, read=None, redirect=None, status=None)
20230523 14:45:04.251 - DEBUG - https://maps.googleapis.com:443 "GET /maps/api/geocode/json?address=Pangsapuri+Melur%2C+Merdeka+Villa%2C+Jalan+Merdeka+Permai+1%2C+68000+Ampang%2C+Selangor&key=AIzaSyCFnR_9wkfFiy0Xui-qf4tXXe3T5aQ0yZk HTTP/1.1" 200 None
20230523 14:45:04.257 - DEBUG - Converted retries value: 2 -> Retry(total=2, connect=None, read=None, redirect=None, status=None)
20230523 14:45:04.258 - DEBUG - Converted retries value: 2 -> Retry(total=2, connect=None, read=None, redirect=None, status=None)
20230523 14:45:04.344 - DEBUG - https://maps.googleapis.com:443 "GET /maps/api/geocode/json?address=7th+floor%2C+Block+A%2C+Residensi+Melor+Bangi%2C+Jalan+5E%2F1%2C+Seksyen+5%2C+43650+Bandar+Baru+Bangi%2C+Selangor&key=AIzaSyCFnR_9wkfFiy0Xui-qf4tXXe3T5aQ0yZk HTTP/1.1" 200 None
20230523 14:45:04.345 - DEBUG - Converted retries value: 2 -> Retry(total=2, connect=None, read=None, redirect=None, status=None)
20230523 14:45:04.346 - DEBUG - Converted retries value: 2 -> Retry(total=2, connect=None, read=None, redirect=None, status=None)
20230523 14:45:04.415 - DEBUG - https://maps.googleapis.com:443 "GET /maps/api/geocode/json?address=Jalan+Kesumba+3B%2F2%2C+Perumahan+Jalan+Kesumba%2C+48300+Bukit+Beruntung%2C+Selangor&key=AIzaSyCFnR_9wkfFiy0Xui-qf4tXXe3T5aQ0yZk HTTP/1.1" 200 None
20230523 14:45:04.419 - DEBUG - Converted retries value: 2 -> Retry(total=2, connect=None, read=None, redirect=None, status=None)
20230523 14:45:04.419 - DEBUG - Converted retries value: 2 -> Retry(total=2, connect=None, read=None, redirect=None, status=None)
20230523 14:45:04.540 - DEBUG - https://maps.googleapis.com:443 "GET /maps/api/geocode/json?address=Block+C%2C+Okid+Apartment%2C+Jalan+Bukit+Indah+3%2F4%2C+Taman+Bukit+Indah%2C+68000+Ampang%2C+Selangor&key=AIzaSyCFnR_9wkfFiy0Xui-qf4tXXe3T5aQ0yZk HTTP/1.1" 200 None
20230523 14:45:04.557 - DEBUG - Converted retries value: 2 -> Retry(total=2, connect=None, read=None, redirect=None, status=None)
20230523 14:45:04.557 - DEBUG - Converted retries value: 2 -> Retry(total=2, connect=None, read=None, redirect=None, status=None)
20230523 14:45:04.688 - DEBUG - https://maps.googleapis.com:443 "GET /maps/api/geocode/json?address=Kepong+Sentral+Condominium%2C+Jalan+Puncak+Desa+2%2C+Taman+Puncak+Desa%2C+52100+Kepong%2C+Kuala+Lumpur&key=AIzaSyCFnR_9wkfFiy0Xui-qf4tXXe3T5aQ0yZk HTTP/1.1" 200 None
20230523 14:45:04.689 - DEBUG - Converted retries value: 2 -> Retry(total=2, connect=None, read=None, redirect=None, status=None)
20230523 14:45:04.689 - DEBUG - Converted retries value: 2 -> Retry(total=2, connect=None, read=None, redirect=None, status=None)
20230523 14:45:04.797 - DEBUG - https://maps.googleapis.com:443 "GET /maps/api/geocode/json?address=DK+Impian+%40+Damansara+West%2C+No.+3%2C+Jalan+Uranus+U5%2F125A%2C+Subang+Pelangi%2C+Seksyen+U5%2C+40150+Shah+Alam%2C+Selangor&key=AIzaSyCFnR_9wkfFiy0Xui-qf4tXXe3T5aQ0yZk HTTP/1.1" 200 None
20230523 14:45:04.799 - DEBUG - Converted retries value: 2 -> Retry(total=2, connect=None, read=None, redirect=None, status=None)
20230523 14:45:04.799 - DEBUG - Converted retries value: 2 -> Retry(total=2, connect=None, read=None, redirect=None, status=None)
20230523 14:45:04.982 - DEBUG - https://maps.googleapis.com:443 "GET /maps/api/geocode/json?address=Block+A%2C+Sri+Cempaka+Apartments%2C+Jalan+Sepakat+Indah+2%2F2%2C+Taman+Sepakat+Indah+2%2C+Sungai+Chua%2C+43000+Kajang%2C+Selangor&key=AIzaSyCFnR_9wkfFiy0Xui-qf4tXXe3T5aQ0yZk HTTP/1.1" 200 None
20230523 14:45:04.985 - DEBUG - Converted retries value: 2 -> Retry(total=2, connect=None, read=None, redirect=None, status=None)
20230523 14:45:04.985 - DEBUG - Converted retries value: 2 -> Retry(total=2, connect=None, read=None, redirect=None, status=None)
20230523 14:45:05.009 - DEBUG - https://maps.googleapis.com:443 "GET /maps/api/geocode/json?address=Avelon+Tower%2C+Plaza+Medan+Putra%2C+Jalan+Medan+Putra+6%2C+Medan+Putra+Business+Centre%2C+Bandar+Sri+Menjalara%2C+52200%2C+Kuala+Lumpur&key=AIzaSyCFnR_9wkfFiy0Xui-qf4tXXe3T5aQ0yZk HTTP/1.1" 200 None
20230523 14:45:05.011 - DEBUG - Converted retries value: 2 -> Retry(total=2, connect=None, read=None, redirect=None, status=None)
20230523 14:45:05.012 - DEBUG - Converted retries value: 2 -> Retry(total=2, connect=None, read=None, redirect=None, status=None)
20230523 14:45:05.100 - DEBUG - https://maps.googleapis.com:443 "GET /maps/api/geocode/json?address=DK+Impian%2C+No.+3%2C+Jalan+Uranus+U5%2F125%2C+Subang+Pelangi%2C+Seksyen+U5%2C+40150+Shah+Alam%2C+Selangor&key=AIzaSyCFnR_9wkfFiy0Xui-qf4tXXe3T5aQ0yZk HTTP/1.1" 200 None
20230523 14:45:05.101 - DEBUG - Converted retries value: 2 -> Retry(total=2, connect=None, read=None, redirect=None, status=None)
20230523 14:45:05.102 - DEBUG - Converted retries value: 2 -> Retry(total=2, connect=None, read=None, redirect=None, status=None)
20230523 14:45:05.172 - DEBUG - https://maps.googleapis.com:443 "GET /maps/api/geocode/json?address=Rumah+Pangsa+Sri+Cempaka%2C+Jalan+Sepakat+Indah+2%2F1%2C+Taman+Sepakat+Indah%2C+Sungai+Chua%2C+43000+Kajang%2C+Selangor&key=AIzaSyCFnR_9wkfFiy0Xui-qf4tXXe3T5aQ0yZk HTTP/1.1" 200 None
20230523 14:45:05.174 - DEBUG - Converted retries value: 2 -> Retry(total=2, connect=None, read=None, redirect=None, status=None)
20230523 14:45:05.174 - DEBUG - Converted retries value: 2 -> Retry(total=2, connect=None, read=None, redirect=None, status=None)
20230523 14:45:05.315 - DEBUG - https://maps.googleapis.com:443 "GET /maps/api/geocode/json?address=Block+C%2C+Pangsapuri+Seri+Impian%2C+Jalan+BS+9%2F1%2C+Taman+Bukit+Serdang%2C+Seksyen+8%2C+43300+Seri+Kembangan%2C+Selangor&key=AIzaSyCFnR_9wkfFiy0Xui-qf4tXXe3T5aQ0yZk HTTP/1.1" 200 None
20230523 14:45:05.549 - DEBUG - Popen(['git', 'add', '--update'], cwd=G:\My Drive\Python\Scraper, universal_newlines=False, shell=None, istream=None)
